2023-01-18 14:33:52.195  INFO 9604 --- [restartedMain] c.e.EmployeeApplication                  : Starting EmployeeApplication on DESKTOP-0JPOVT4 with PID 9604 (D:\Milestones and training\Milestone\Milestone-2\EmployeeApplication\target\classes started by tanvi in D:\Milestones and training\Milestone\Milestone-2\EmployeeApplication)
2023-01-18 14:33:52.209  INFO 9604 --- [restartedMain] c.e.EmployeeApplication                  : No active profile set, falling back to default profiles: default
2023-01-18 14:33:52.334  INFO 9604 --- [restartedMain] .e.DevToolsPropertyDefaultsPostProcessor : Devtools property defaults active! Set 'spring.devtools.add-properties' to 'false' to disable
2023-01-18 14:33:52.334  INFO 9604 --- [restartedMain] .e.DevToolsPropertyDefaultsPostProcessor : For additional web related logging consider setting the 'logging.level.web' property to 'DEBUG'
2023-01-18 14:33:53.323  INFO 9604 --- [restartedMain] .s.d.r.c.RepositoryConfigurationDelegate : Bootstrapping Spring Data JPA repositories in DEFAULT mode.
2023-01-18 14:33:53.468  INFO 9604 --- [restartedMain] .s.d.r.c.RepositoryConfigurationDelegate : Finished Spring Data repository scanning in 122ms. Found 2 JPA repository interfaces.
2023-01-18 14:33:54.000  INFO 9604 --- [restartedMain] trationDelegate$BeanPostProcessorChecker : Bean 'org.springframework.security.access.expression.method.DefaultMethodSecurityExpressionHandler@62ef76a7' of type [org.springframework.security.access.expression.method.DefaultMethodSecurityExpressionHandler] is not eligible for getting processed by all BeanPostProcessors (for example: not eligible for auto-proxying)
2023-01-18 14:33:54.006  INFO 9604 --- [restartedMain] trationDelegate$BeanPostProcessorChecker : Bean 'methodSecurityMetadataSource' of type [org.springframework.security.access.method.DelegatingMethodSecurityMetadataSource] is not eligible for getting processed by all BeanPostProcessors (for example: not eligible for auto-proxying)
2023-01-18 14:33:54.437  INFO 9604 --- [restartedMain] o.s.b.w.embedded.tomcat.TomcatWebServer  : Tomcat initialized with port(s): 8080 (http)
2023-01-18 14:33:54.449  INFO 9604 --- [restartedMain] o.apache.catalina.core.StandardService   : Starting service [Tomcat]
2023-01-18 14:33:54.449  INFO 9604 --- [restartedMain] org.apache.catalina.core.StandardEngine  : Starting Servlet engine: [Apache Tomcat/9.0.34]
2023-01-18 14:33:54.570  INFO 9604 --- [restartedMain] o.a.c.c.C.[Tomcat].[localhost].[/]       : Initializing Spring embedded WebApplicationContext
2023-01-18 14:33:54.570  INFO 9604 --- [restartedMain] o.s.web.context.ContextLoader            : Root WebApplicationContext: initialization completed in 2235 ms
2023-01-18 14:33:54.796  INFO 9604 --- [restartedMain] o.hibernate.jpa.internal.util.LogHelper  : HHH000204: Processing PersistenceUnitInfo [name: default]
2023-01-18 14:33:54.855  INFO 9604 --- [restartedMain] org.hibernate.Version                    : HHH000412: Hibernate ORM core version 5.4.15.Final
2023-01-18 14:33:55.043  INFO 9604 --- [restartedMain] o.hibernate.annotations.common.Version   : HCANN000001: Hibernate Commons Annotations {5.1.0.Final}
2023-01-18 14:33:55.076 DEBUG 9604 --- [restartedMain] org.hibernate.type.BasicTypeRegistry     : Adding type registration boolean -> org.hibernate.type.BooleanType@5002f83c
2023-01-18 14:33:55.076 DEBUG 9604 --- [restartedMain] org.hibernate.type.BasicTypeRegistry     : Adding type registration boolean -> org.hibernate.type.BooleanType@5002f83c
2023-01-18 14:33:55.076 DEBUG 9604 --- [restartedMain] org.hibernate.type.BasicTypeRegistry     : Adding type registration java.lang.Boolean -> org.hibernate.type.BooleanType@5002f83c
2023-01-18 14:33:55.077 DEBUG 9604 --- [restartedMain] org.hibernate.type.BasicTypeRegistry     : Adding type registration numeric_boolean -> org.hibernate.type.NumericBooleanType@6c9ed912
2023-01-18 14:33:55.078 DEBUG 9604 --- [restartedMain] org.hibernate.type.BasicTypeRegistry     : Adding type registration true_false -> org.hibernate.type.TrueFalseType@74aa6f30
2023-01-18 14:33:55.078 DEBUG 9604 --- [restartedMain] org.hibernate.type.BasicTypeRegistry     : Adding type registration yes_no -> org.hibernate.type.YesNoType@5b10f133
2023-01-18 14:33:55.079 DEBUG 9604 --- [restartedMain] org.hibernate.type.BasicTypeRegistry     : Adding type registration byte -> org.hibernate.type.ByteType@77892427
2023-01-18 14:33:55.079 DEBUG 9604 --- [restartedMain] org.hibernate.type.BasicTypeRegistry     : Adding type registration byte -> org.hibernate.type.ByteType@77892427
2023-01-18 14:33:55.079 DEBUG 9604 --- [restartedMain] org.hibernate.type.BasicTypeRegistry     : Adding type registration java.lang.Byte -> org.hibernate.type.ByteType@77892427
2023-01-18 14:33:55.083 DEBUG 9604 --- [restartedMain] org.hibernate.type.BasicTypeRegistry     : Adding type registration character -> org.hibernate.type.CharacterType@efd3f6a
2023-01-18 14:33:55.083 DEBUG 9604 --- [restartedMain] org.hibernate.type.BasicTypeRegistry     : Adding type registration char -> org.hibernate.type.CharacterType@efd3f6a
2023-01-18 14:33:55.083 DEBUG 9604 --- [restartedMain] org.hibernate.type.BasicTypeRegistry     : Adding type registration java.lang.Character -> org.hibernate.type.CharacterType@efd3f6a
2023-01-18 14:33:55.085 DEBUG 9604 --- [restartedMain] org.hibernate.type.BasicTypeRegistry     : Adding type registration short -> org.hibernate.type.ShortType@6b6efbf0
2023-01-18 14:33:55.085 DEBUG 9604 --- [restartedMain] org.hibernate.type.BasicTypeRegistry     : Adding type registration short -> org.hibernate.type.ShortType@6b6efbf0
2023-01-18 14:33:55.085 DEBUG 9604 --- [restartedMain] org.hibernate.type.BasicTypeRegistry     : Adding type registration java.lang.Short -> org.hibernate.type.ShortType@6b6efbf0
2023-01-18 14:33:55.085 DEBUG 9604 --- [restartedMain] org.hibernate.type.BasicTypeRegistry     : Adding type registration integer -> org.hibernate.type.IntegerType@5287d2d0
2023-01-18 14:33:55.085 DEBUG 9604 --- [restartedMain] org.hibernate.type.BasicTypeRegistry     : Adding type registration int -> org.hibernate.type.IntegerType@5287d2d0
2023-01-18 14:33:55.085 DEBUG 9604 --- [restartedMain] org.hibernate.type.BasicTypeRegistry     : Adding type registration java.lang.Integer -> org.hibernate.type.IntegerType@5287d2d0
2023-01-18 14:33:55.087 DEBUG 9604 --- [restartedMain] org.hibernate.type.BasicTypeRegistry     : Adding type registration long -> org.hibernate.type.LongType@62bfca07
2023-01-18 14:33:55.087 DEBUG 9604 --- [restartedMain] org.hibernate.type.BasicTypeRegistry     : Adding type registration long -> org.hibernate.type.LongType@62bfca07
2023-01-18 14:33:55.088 DEBUG 9604 --- [restartedMain] org.hibernate.type.BasicTypeRegistry     : Adding type registration java.lang.Long -> org.hibernate.type.LongType@62bfca07
2023-01-18 14:33:55.089 DEBUG 9604 --- [restartedMain] org.hibernate.type.BasicTypeRegistry     : Adding type registration float -> org.hibernate.type.FloatType@3144d362
2023-01-18 14:33:55.089 DEBUG 9604 --- [restartedMain] org.hibernate.type.BasicTypeRegistry     : Adding type registration float -> org.hibernate.type.FloatType@3144d362
2023-01-18 14:33:55.089 DEBUG 9604 --- [restartedMain] org.hibernate.type.BasicTypeRegistry     : Adding type registration java.lang.Float -> org.hibernate.type.FloatType@3144d362
2023-01-18 14:33:55.090 DEBUG 9604 --- [restartedMain] org.hibernate.type.BasicTypeRegistry     : Adding type registration double -> org.hibernate.type.DoubleType@220558ff
2023-01-18 14:33:55.090 DEBUG 9604 --- [restartedMain] org.hibernate.type.BasicTypeRegistry     : Adding type registration double -> org.hibernate.type.DoubleType@220558ff
2023-01-18 14:33:55.090 DEBUG 9604 --- [restartedMain] org.hibernate.type.BasicTypeRegistry     : Adding type registration java.lang.Double -> org.hibernate.type.DoubleType@220558ff
2023-01-18 14:33:55.091 DEBUG 9604 --- [restartedMain] org.hibernate.type.BasicTypeRegistry     : Adding type registration big_decimal -> org.hibernate.type.BigDecimalType@3566ee54
2023-01-18 14:33:55.091 DEBUG 9604 --- [restartedMain] org.hibernate.type.BasicTypeRegistry     : Adding type registration java.math.BigDecimal -> org.hibernate.type.BigDecimalType@3566ee54
2023-01-18 14:33:55.092 DEBUG 9604 --- [restartedMain] org.hibernate.type.BasicTypeRegistry     : Adding type registration big_integer -> org.hibernate.type.BigIntegerType@23a2209e
2023-01-18 14:33:55.093 DEBUG 9604 --- [restartedMain] org.hibernate.type.BasicTypeRegistry     : Adding type registration java.math.BigInteger -> org.hibernate.type.BigIntegerType@23a2209e
2023-01-18 14:33:55.093 DEBUG 9604 --- [restartedMain] org.hibernate.type.BasicTypeRegistry     : Adding type registration string -> org.hibernate.type.StringType@20eda5c4
2023-01-18 14:33:55.094 DEBUG 9604 --- [restartedMain] org.hibernate.type.BasicTypeRegistry     : Adding type registration java.lang.String -> org.hibernate.type.StringType@20eda5c4
2023-01-18 14:33:55.094 DEBUG 9604 --- [restartedMain] org.hibernate.type.BasicTypeRegistry     : Adding type registration nstring -> org.hibernate.type.StringNVarcharType@5e77687e
2023-01-18 14:33:55.094 DEBUG 9604 --- [restartedMain] org.hibernate.type.BasicTypeRegistry     : Adding type registration ncharacter -> org.hibernate.type.CharacterNCharType@28ce9c31
2023-01-18 14:33:55.095 DEBUG 9604 --- [restartedMain] org.hibernate.type.BasicTypeRegistry     : Adding type registration url -> org.hibernate.type.UrlType@11ee19cf
2023-01-18 14:33:55.095 DEBUG 9604 --- [restartedMain] org.hibernate.type.BasicTypeRegistry     : Adding type registration java.net.URL -> org.hibernate.type.UrlType@11ee19cf
2023-01-18 14:33:55.096 DEBUG 9604 --- [restartedMain] org.hibernate.type.BasicTypeRegistry     : Adding type registration Duration -> org.hibernate.type.DurationType@278fef56
2023-01-18 14:33:55.096 DEBUG 9604 --- [restartedMain] org.hibernate.type.BasicTypeRegistry     : Adding type registration java.time.Duration -> org.hibernate.type.DurationType@278fef56
2023-01-18 14:33:55.097 DEBUG 9604 --- [restartedMain] org.hibernate.type.BasicTypeRegistry     : Adding type registration Instant -> org.hibernate.type.InstantType@40cd7971
2023-01-18 14:33:55.098 DEBUG 9604 --- [restartedMain] org.hibernate.type.BasicTypeRegistry     : Adding type registration java.time.Instant -> org.hibernate.type.InstantType@40cd7971
2023-01-18 14:33:55.099 DEBUG 9604 --- [restartedMain] org.hibernate.type.BasicTypeRegistry     : Adding type registration LocalDateTime -> org.hibernate.type.LocalDateTimeType@1d6faa72
2023-01-18 14:33:55.099 DEBUG 9604 --- [restartedMain] org.hibernate.type.BasicTypeRegistry     : Adding type registration java.time.LocalDateTime -> org.hibernate.type.LocalDateTimeType@1d6faa72
2023-01-18 14:33:55.100 DEBUG 9604 --- [restartedMain] org.hibernate.type.BasicTypeRegistry     : Adding type registration LocalDate -> org.hibernate.type.LocalDateType@16b077bc
2023-01-18 14:33:55.100 DEBUG 9604 --- [restartedMain] org.hibernate.type.BasicTypeRegistry     : Adding type registration java.time.LocalDate -> org.hibernate.type.LocalDateType@16b077bc
2023-01-18 14:33:55.101 DEBUG 9604 --- [restartedMain] org.hibernate.type.BasicTypeRegistry     : Adding type registration LocalTime -> org.hibernate.type.LocalTimeType@25edd929
2023-01-18 14:33:55.101 DEBUG 9604 --- [restartedMain] org.hibernate.type.BasicTypeRegistry     : Adding type registration java.time.LocalTime -> org.hibernate.type.LocalTimeType@25edd929
2023-01-18 14:33:55.102 DEBUG 9604 --- [restartedMain] org.hibernate.type.BasicTypeRegistry     : Adding type registration OffsetDateTime -> org.hibernate.type.OffsetDateTimeType@1db0adab
2023-01-18 14:33:55.103 DEBUG 9604 --- [restartedMain] org.hibernate.type.BasicTypeRegistry     : Adding type registration java.time.OffsetDateTime -> org.hibernate.type.OffsetDateTimeType@1db0adab
2023-01-18 14:33:55.104 DEBUG 9604 --- [restartedMain] org.hibernate.type.BasicTypeRegistry     : Adding type registration OffsetTime -> org.hibernate.type.OffsetTimeType@39073c88
2023-01-18 14:33:55.104 DEBUG 9604 --- [restartedMain] org.hibernate.type.BasicTypeRegistry     : Adding type registration java.time.OffsetTime -> org.hibernate.type.OffsetTimeType@39073c88
2023-01-18 14:33:55.106 DEBUG 9604 --- [restartedMain] org.hibernate.type.BasicTypeRegistry     : Adding type registration ZonedDateTime -> org.hibernate.type.ZonedDateTimeType@36ebae58
2023-01-18 14:33:55.106 DEBUG 9604 --- [restartedMain] org.hibernate.type.BasicTypeRegistry     : Adding type registration java.time.ZonedDateTime -> org.hibernate.type.ZonedDateTimeType@36ebae58
2023-01-18 14:33:55.107 DEBUG 9604 --- [restartedMain] org.hibernate.type.BasicTypeRegistry     : Adding type registration date -> org.hibernate.type.DateType@11dbd2c
2023-01-18 14:33:55.107 DEBUG 9604 --- [restartedMain] org.hibernate.type.BasicTypeRegistry     : Adding type registration java.sql.Date -> org.hibernate.type.DateType@11dbd2c
2023-01-18 14:33:55.108 DEBUG 9604 --- [restartedMain] org.hibernate.type.BasicTypeRegistry     : Adding type registration time -> org.hibernate.type.TimeType@6dc3b294
2023-01-18 14:33:55.108 DEBUG 9604 --- [restartedMain] org.hibernate.type.BasicTypeRegistry     : Adding type registration java.sql.Time -> org.hibernate.type.TimeType@6dc3b294
2023-01-18 14:33:55.109 DEBUG 9604 --- [restartedMain] org.hibernate.type.BasicTypeRegistry     : Adding type registration timestamp -> org.hibernate.type.TimestampType@258f493f
2023-01-18 14:33:55.109 DEBUG 9604 --- [restartedMain] org.hibernate.type.BasicTypeRegistry     : Adding type registration java.sql.Timestamp -> org.hibernate.type.TimestampType@258f493f
2023-01-18 14:33:55.109 DEBUG 9604 --- [restartedMain] org.hibernate.type.BasicTypeRegistry     : Adding type registration java.util.Date -> org.hibernate.type.TimestampType@258f493f
2023-01-18 14:33:55.111 DEBUG 9604 --- [restartedMain] org.hibernate.type.BasicTypeRegistry     : Adding type registration dbtimestamp -> org.hibernate.type.DbTimestampType@1be4ba84
2023-01-18 14:33:55.112 DEBUG 9604 --- [restartedMain] org.hibernate.type.BasicTypeRegistry     : Adding type registration calendar -> org.hibernate.type.CalendarType@1685bfa2
2023-01-18 14:33:55.112 DEBUG 9604 --- [restartedMain] org.hibernate.type.BasicTypeRegistry     : Adding type registration java.util.Calendar -> org.hibernate.type.CalendarType@1685bfa2
2023-01-18 14:33:55.112 DEBUG 9604 --- [restartedMain] org.hibernate.type.BasicTypeRegistry     : Adding type registration java.util.GregorianCalendar -> org.hibernate.type.CalendarType@1685bfa2
2023-01-18 14:33:55.112 DEBUG 9604 --- [restartedMain] org.hibernate.type.BasicTypeRegistry     : Adding type registration calendar_date -> org.hibernate.type.CalendarDateType@18263b50
2023-01-18 14:33:55.113 DEBUG 9604 --- [restartedMain] org.hibernate.type.BasicTypeRegistry     : Adding type registration calendar_time -> org.hibernate.type.CalendarTimeType@1a409f56
2023-01-18 14:33:55.114 DEBUG 9604 --- [restartedMain] org.hibernate.type.BasicTypeRegistry     : Adding type registration locale -> org.hibernate.type.LocaleType@4f3f69b0
2023-01-18 14:33:55.114 DEBUG 9604 --- [restartedMain] org.hibernate.type.BasicTypeRegistry     : Adding type registration java.util.Locale -> org.hibernate.type.LocaleType@4f3f69b0
2023-01-18 14:33:55.115 DEBUG 9604 --- [restartedMain] org.hibernate.type.BasicTypeRegistry     : Adding type registration currency -> org.hibernate.type.CurrencyType@d826e02
2023-01-18 14:33:55.115 DEBUG 9604 --- [restartedMain] org.hibernate.type.BasicTypeRegistry     : Adding type registration java.util.Currency -> org.hibernate.type.CurrencyType@d826e02
2023-01-18 14:33:55.116 DEBUG 9604 --- [restartedMain] org.hibernate.type.BasicTypeRegistry     : Adding type registration timezone -> org.hibernate.type.TimeZoneType@45942809
2023-01-18 14:33:55.116 DEBUG 9604 --- [restartedMain] org.hibernate.type.BasicTypeRegistry     : Adding type registration java.util.TimeZone -> org.hibernate.type.TimeZoneType@45942809
2023-01-18 14:33:55.117 DEBUG 9604 --- [restartedMain] org.hibernate.type.BasicTypeRegistry     : Adding type registration class -> org.hibernate.type.ClassType@4e58a5a9
2023-01-18 14:33:55.117 DEBUG 9604 --- [restartedMain] org.hibernate.type.BasicTypeRegistry     : Adding type registration java.lang.Class -> org.hibernate.type.ClassType@4e58a5a9
2023-01-18 14:33:55.118 DEBUG 9604 --- [restartedMain] org.hibernate.type.BasicTypeRegistry     : Adding type registration uuid-binary -> org.hibernate.type.UUIDBinaryType@70f86143
2023-01-18 14:33:55.118 DEBUG 9604 --- [restartedMain] org.hibernate.type.BasicTypeRegistry     : Adding type registration java.util.UUID -> org.hibernate.type.UUIDBinaryType@70f86143
2023-01-18 14:33:55.118 DEBUG 9604 --- [restartedMain] org.hibernate.type.BasicTypeRegistry     : Adding type registration uuid-char -> org.hibernate.type.UUIDCharType@761d0963
2023-01-18 14:33:55.119 DEBUG 9604 --- [restartedMain] org.hibernate.type.BasicTypeRegistry     : Adding type registration binary -> org.hibernate.type.BinaryType@6a5b6c7b
2023-01-18 14:33:55.119 DEBUG 9604 --- [restartedMain] org.hibernate.type.BasicTypeRegistry     : Adding type registration byte[] -> org.hibernate.type.BinaryType@6a5b6c7b
2023-01-18 14:33:55.120 DEBUG 9604 --- [restartedMain] org.hibernate.type.BasicTypeRegistry     : Adding type registration [B -> org.hibernate.type.BinaryType@6a5b6c7b
2023-01-18 14:33:55.121 DEBUG 9604 --- [restartedMain] org.hibernate.type.BasicTypeRegistry     : Adding type registration wrapper-binary -> org.hibernate.type.WrapperBinaryType@25a36cc0
2023-01-18 14:33:55.121 DEBUG 9604 --- [restartedMain] org.hibernate.type.BasicTypeRegistry     : Adding type registration Byte[] -> org.hibernate.type.WrapperBinaryType@25a36cc0
2023-01-18 14:33:55.121 DEBUG 9604 --- [restartedMain] org.hibernate.type.BasicTypeRegistry     : Adding type registration [Ljava.lang.Byte; -> org.hibernate.type.WrapperBinaryType@25a36cc0
2023-01-18 14:33:55.122 DEBUG 9604 --- [restartedMain] org.hibernate.type.BasicTypeRegistry     : Adding type registration row_version -> org.hibernate.type.RowVersionType@633400f3
2023-01-18 14:33:55.123 DEBUG 9604 --- [restartedMain] org.hibernate.type.BasicTypeRegistry     : Adding type registration image -> org.hibernate.type.ImageType@73b14403
2023-01-18 14:33:55.124 DEBUG 9604 --- [restartedMain] org.hibernate.type.BasicTypeRegistry     : Adding type registration characters -> org.hibernate.type.CharArrayType@7c6a13e7
2023-01-18 14:33:55.124 DEBUG 9604 --- [restartedMain] org.hibernate.type.BasicTypeRegistry     : Adding type registration char[] -> org.hibernate.type.CharArrayType@7c6a13e7
2023-01-18 14:33:55.124 DEBUG 9604 --- [restartedMain] org.hibernate.type.BasicTypeRegistry     : Adding type registration [C -> org.hibernate.type.CharArrayType@7c6a13e7
2023-01-18 14:33:55.125 DEBUG 9604 --- [restartedMain] org.hibernate.type.BasicTypeRegistry     : Adding type registration wrapper-characters -> org.hibernate.type.CharacterArrayType@6fd29146
2023-01-18 14:33:55.125 DEBUG 9604 --- [restartedMain] org.hibernate.type.BasicTypeRegistry     : Adding type registration [Ljava.lang.Character; -> org.hibernate.type.CharacterArrayType@6fd29146
2023-01-18 14:33:55.125 DEBUG 9604 --- [restartedMain] org.hibernate.type.BasicTypeRegistry     : Adding type registration Character[] -> org.hibernate.type.CharacterArrayType@6fd29146
2023-01-18 14:33:55.126 DEBUG 9604 --- [restartedMain] org.hibernate.type.BasicTypeRegistry     : Adding type registration text -> org.hibernate.type.TextType@65a3c88d
2023-01-18 14:33:55.126 DEBUG 9604 --- [restartedMain] org.hibernate.type.BasicTypeRegistry     : Adding type registration ntext -> org.hibernate.type.NTextType@45c9a6c6
2023-01-18 14:33:55.128 DEBUG 9604 --- [restartedMain] org.hibernate.type.BasicTypeRegistry     : Adding type registration blob -> org.hibernate.type.BlobType@7fc0861f
2023-01-18 14:33:55.128 DEBUG 9604 --- [restartedMain] org.hibernate.type.BasicTypeRegistry     : Adding type registration java.sql.Blob -> org.hibernate.type.BlobType@7fc0861f
2023-01-18 14:33:55.128 DEBUG 9604 --- [restartedMain] org.hibernate.type.BasicTypeRegistry     : Adding type registration materialized_blob -> org.hibernate.type.MaterializedBlobType@308f16bb
2023-01-18 14:33:55.130 DEBUG 9604 --- [restartedMain] org.hibernate.type.BasicTypeRegistry     : Adding type registration clob -> org.hibernate.type.ClobType@57db4a2d
2023-01-18 14:33:55.130 DEBUG 9604 --- [restartedMain] org.hibernate.type.BasicTypeRegistry     : Adding type registration java.sql.Clob -> org.hibernate.type.ClobType@57db4a2d
2023-01-18 14:33:55.132 DEBUG 9604 --- [restartedMain] org.hibernate.type.BasicTypeRegistry     : Adding type registration nclob -> org.hibernate.type.NClobType@635e01ad
2023-01-18 14:33:55.132 DEBUG 9604 --- [restartedMain] org.hibernate.type.BasicTypeRegistry     : Adding type registration java.sql.NClob -> org.hibernate.type.NClobType@635e01ad
2023-01-18 14:33:55.132 DEBUG 9604 --- [restartedMain] org.hibernate.type.BasicTypeRegistry     : Adding type registration materialized_clob -> org.hibernate.type.MaterializedClobType@119eefbd
2023-01-18 14:33:55.133 DEBUG 9604 --- [restartedMain] org.hibernate.type.BasicTypeRegistry     : Adding type registration materialized_nclob -> org.hibernate.type.MaterializedNClobType@631d9607
2023-01-18 14:33:55.134 DEBUG 9604 --- [restartedMain] org.hibernate.type.BasicTypeRegistry     : Adding type registration serializable -> org.hibernate.type.SerializableType@61a30582
2023-01-18 14:33:55.137 DEBUG 9604 --- [restartedMain] org.hibernate.type.BasicTypeRegistry     : Adding type registration object -> org.hibernate.type.ObjectType@588f19c0
2023-01-18 14:33:55.138 DEBUG 9604 --- [restartedMain] org.hibernate.type.BasicTypeRegistry     : Adding type registration java.lang.Object -> org.hibernate.type.ObjectType@588f19c0
2023-01-18 14:33:55.138 DEBUG 9604 --- [restartedMain] org.hibernate.type.BasicTypeRegistry     : Adding type registration imm_date -> org.hibernate.type.AdaptedImmutableType@1dbd042f
2023-01-18 14:33:55.138 DEBUG 9604 --- [restartedMain] org.hibernate.type.BasicTypeRegistry     : Adding type registration imm_time -> org.hibernate.type.AdaptedImmutableType@4459571e
2023-01-18 14:33:55.138 DEBUG 9604 --- [restartedMain] org.hibernate.type.BasicTypeRegistry     : Adding type registration imm_timestamp -> org.hibernate.type.AdaptedImmutableType@1ddb3d0b
2023-01-18 14:33:55.138 DEBUG 9604 --- [restartedMain] org.hibernate.type.BasicTypeRegistry     : Adding type registration imm_dbtimestamp -> org.hibernate.type.AdaptedImmutableType@42820b5e
2023-01-18 14:33:55.138 DEBUG 9604 --- [restartedMain] org.hibernate.type.BasicTypeRegistry     : Adding type registration imm_calendar -> org.hibernate.type.AdaptedImmutableType@376bf35d
2023-01-18 14:33:55.138 DEBUG 9604 --- [restartedMain] org.hibernate.type.BasicTypeRegistry     : Adding type registration imm_calendar_date -> org.hibernate.type.AdaptedImmutableType@3984a309
2023-01-18 14:33:55.138 DEBUG 9604 --- [restartedMain] org.hibernate.type.BasicTypeRegistry     : Adding type registration imm_binary -> org.hibernate.type.AdaptedImmutableType@7d73e257
2023-01-18 14:33:55.139 DEBUG 9604 --- [restartedMain] org.hibernate.type.BasicTypeRegistry     : Adding type registration imm_serializable -> org.hibernate.type.AdaptedImmutableType@2f79ce5c
2023-01-18 14:33:55.190  INFO 9604 --- [restartedMain] com.zaxxer.hikari.HikariDataSource       : HikariPool-1 - Starting...
2023-01-18 14:33:55.408  INFO 9604 --- [restartedMain] com.zaxxer.hikari.HikariDataSource       : HikariPool-1 - Start completed.
2023-01-18 14:33:55.435  INFO 9604 --- [restartedMain] org.hibernate.dialect.Dialect            : HHH000400: Using dialect: org.hibernate.dialect.MySQL5InnoDBDialect
2023-01-18 14:33:55.510 DEBUG 9604 --- [restartedMain] o.h.type.spi.TypeConfiguration$Scope     : Scoping TypeConfiguration [org.hibernate.type.spi.TypeConfiguration@599f5ba7] to MetadataBuildingContext [org.hibernate.boot.internal.MetadataBuildingContextRootImpl@6152c0ba]
2023-01-18 14:33:55.820 DEBUG 9604 --- [restartedMain] o.h.type.spi.TypeConfiguration$Scope     : Scoping TypeConfiguration [org.hibernate.type.spi.TypeConfiguration@599f5ba7] to SessionFactoryImpl [org.hibernate.internal.SessionFactoryImpl@4c3bed9c]
2023-01-18 14:33:56.374  INFO 9604 --- [restartedMain] o.h.e.t.j.p.i.JtaPlatformInitiator       : HHH000490: Using JtaPlatform implementation: [org.hibernate.engine.transaction.jta.platform.internal.NoJtaPlatform]
2023-01-18 14:33:56.382 TRACE 9604 --- [restartedMain] o.h.type.spi.TypeConfiguration$Scope     : Handling #sessionFactoryCreated from [org.hibernate.internal.SessionFactoryImpl@4c3bed9c] for TypeConfiguration
2023-01-18 14:33:56.383  INFO 9604 --- [restartedMain] j.LocalContainerEntityManagerFactoryBean : Initialized JPA EntityManagerFactory for persistence unit 'default'
2023-01-18 14:33:56.399  INFO 9604 --- [restartedMain] o.s.b.d.a.OptionalLiveReloadServer       : LiveReload server is running on port 35729
2023-01-18 14:33:56.441  WARN 9604 --- [restartedMain] JpaBaseConfiguration$JpaWebConfiguration : spring.jpa.open-in-view is enabled by default. Therefore, database queries may be performed during view rendering. Explicitly configure spring.jpa.open-in-view to disable this warning
2023-01-18 14:33:57.090  INFO 9604 --- [restartedMain] o.s.s.web.DefaultSecurityFilterChain     : Creating filter chain: any request, [org.springframework.security.web.context.request.async.WebAsyncManagerIntegrationFilter@56113c06, org.springframework.security.web.context.SecurityContextPersistenceFilter@4f6c5a9c, org.springframework.security.web.header.HeaderWriterFilter@2b013286, org.springframework.security.web.csrf.CsrfFilter@53d2a844, org.springframework.security.web.authentication.logout.LogoutFilter@46cfa83a, org.springframework.security.web.authentication.UsernamePasswordAuthenticationFilter@dcdab99, org.springframework.security.web.savedrequest.RequestCacheAwareFilter@434dd23d, org.springframework.security.web.servletapi.SecurityContextHolderAwareRequestFilter@1824273b, org.springframework.security.web.authentication.AnonymousAuthenticationFilter@6f120ea0, org.springframework.security.web.session.SessionManagementFilter@754ed420, org.springframework.security.web.access.ExceptionTranslationFilter@171d3db1, org.springframework.security.web.access.intercept.FilterSecurityInterceptor@2dee0435]
2023-01-18 14:33:57.238  INFO 9604 --- [restartedMain] o.s.s.concurrent.ThreadPoolTaskExecutor  : Initializing ExecutorService 'applicationTaskExecutor'
2023-01-18 14:33:57.322  INFO 9604 --- [restartedMain] o.s.b.a.w.s.WelcomePageHandlerMapping    : Adding welcome page template: index
2023-01-18 14:33:57.608  INFO 9604 --- [restartedMain] o.s.b.w.embedded.tomcat.TomcatWebServer  : Tomcat started on port(s): 8080 (http) with context path ''
2023-01-18 14:33:57.610  INFO 9604 --- [restartedMain] c.e.EmployeeApplication                  : Started EmployeeApplication in 6.084 seconds (JVM running for 6.943)
2023-01-18 14:34:14.105  INFO 9604 --- [http-nio-8080-exec-1] o.a.c.c.C.[Tomcat].[localhost].[/]       : Initializing Spring DispatcherServlet 'dispatcherServlet'
2023-01-18 14:34:14.106  INFO 9604 --- [http-nio-8080-exec-1] o.s.web.servlet.DispatcherServlet        : Initializing Servlet 'dispatcherServlet'
2023-01-18 14:34:14.115  INFO 9604 --- [http-nio-8080-exec-1] o.s.web.servlet.DispatcherServlet        : Completed initialization in 9 ms
2023-01-18 14:35:25.599 DEBUG 9604 --- [http-nio-8080-exec-8] org.hibernate.SQL                        : select user0_.id as id1_2_, user0_.email as email2_2_, user0_.enabled as enabled3_2_, user0_.name as name4_2_, user0_.password as password5_2_ from user_table user0_ where user0_.email=?
2023-01-18 14:35:25.625 TRACE 9604 --- [http-nio-8080-exec-8] o.h.type.descriptor.sql.BasicBinder      : binding parameter [1] as [VARCHAR] - [tanvidevi@gmail.com]
2023-01-18 14:35:25.655 TRACE 9604 --- [http-nio-8080-exec-8] o.h.type.descriptor.sql.BasicExtractor   : extracted value ([id1_2_] : [BIGINT]) - [3]
2023-01-18 14:35:25.666 TRACE 9604 --- [http-nio-8080-exec-8] o.h.type.descriptor.sql.BasicExtractor   : extracted value ([email2_2_] : [VARCHAR]) - [tanvidevi@gmail.com]
2023-01-18 14:35:25.667 TRACE 9604 --- [http-nio-8080-exec-8] o.h.type.descriptor.sql.BasicExtractor   : extracted value ([enabled3_2_] : [BOOLEAN]) - [false]
2023-01-18 14:35:25.668 TRACE 9604 --- [http-nio-8080-exec-8] o.h.type.descriptor.sql.BasicExtractor   : extracted value ([name4_2_] : [VARCHAR]) - [Tanvi Devi]
2023-01-18 14:35:25.668 TRACE 9604 --- [http-nio-8080-exec-8] o.h.type.descriptor.sql.BasicExtractor   : extracted value ([password5_2_] : [VARCHAR]) - [$2a$10$IHN.Mk7IcQOEqwjYJJDIneB5VMjAsl1GZ9Zaca4Q69nvdcdFFmXqC]
2023-01-18 14:35:25.694 TRACE 9604 --- [http-nio-8080-exec-8] org.hibernate.type.CollectionType        : Created collection wrapper: [com.employeeApplication.Entity.User.roles#3]
2023-01-18 14:35:25.702 DEBUG 9604 --- [http-nio-8080-exec-8] org.hibernate.SQL                        : select roles0_.user_id as user_id1_3_0_, roles0_.role_id as role_id2_3_0_, role1_.id as id1_1_1_, role1_.name as name2_1_1_ from user_role_table roles0_ inner join role_table role1_ on roles0_.role_id=role1_.id where roles0_.user_id=?
2023-01-18 14:35:25.703 TRACE 9604 --- [http-nio-8080-exec-8] o.h.type.descriptor.sql.BasicBinder      : binding parameter [1] as [BIGINT] - [3]
2023-01-18 14:35:25.736 TRACE 9604 --- [http-nio-8080-exec-8] o.h.type.descriptor.sql.BasicExtractor   : extracted value ([id1_1_1_] : [BIGINT]) - [3]
2023-01-18 14:35:25.737 TRACE 9604 --- [http-nio-8080-exec-8] o.h.type.descriptor.sql.BasicExtractor   : extracted value ([name2_1_1_] : [VARCHAR]) - [ADMIN]
2023-01-18 14:35:25.738 TRACE 9604 --- [http-nio-8080-exec-8] o.h.type.descriptor.sql.BasicExtractor   : extracted value ([user_id1_3_0_] : [BIGINT]) - [3]
2023-01-18 14:35:25.738 TRACE 9604 --- [http-nio-8080-exec-8] o.h.type.descriptor.sql.BasicExtractor   : extracted value ([role_id2_3_0_] : [BIGINT]) - [3]
2023-01-18 14:35:26.046 DEBUG 9604 --- [http-nio-8080-exec-10] org.hibernate.SQL                        : select employee0_.id as id1_0_, employee0_.emloyee_salary as emloyee_2_0_, employee0_.employee_designation as employee3_0_, employee0_.employee_name as employee4_0_ from employee_table employee0_ order by employee0_.employee_name asc limit ?
2023-01-18 14:35:26.053 TRACE 9604 --- [http-nio-8080-exec-10] o.h.type.descriptor.sql.BasicExtractor   : extracted value ([id1_0_] : [BIGINT]) - [9]
2023-01-18 14:35:26.055 TRACE 9604 --- [http-nio-8080-exec-10] o.h.type.descriptor.sql.BasicExtractor   : extracted value ([emloyee_2_0_] : [INTEGER]) - [760000]
2023-01-18 14:35:26.055 TRACE 9604 --- [http-nio-8080-exec-10] o.h.type.descriptor.sql.BasicExtractor   : extracted value ([employee3_0_] : [VARCHAR]) - [RMS]
2023-01-18 14:35:26.055 TRACE 9604 --- [http-nio-8080-exec-10] o.h.type.descriptor.sql.BasicExtractor   : extracted value ([employee4_0_] : [VARCHAR]) - [Anushka]
2023-01-18 14:35:26.055 TRACE 9604 --- [http-nio-8080-exec-10] o.h.type.descriptor.sql.BasicExtractor   : extracted value ([id1_0_] : [BIGINT]) - [3]
2023-01-18 14:35:26.056 TRACE 9604 --- [http-nio-8080-exec-10] o.h.type.descriptor.sql.BasicExtractor   : extracted value ([emloyee_2_0_] : [INTEGER]) - [340000]
2023-01-18 14:35:26.056 TRACE 9604 --- [http-nio-8080-exec-10] o.h.type.descriptor.sql.BasicExtractor   : extracted value ([employee3_0_] : [VARCHAR]) - [EE]
2023-01-18 14:35:26.056 TRACE 9604 --- [http-nio-8080-exec-10] o.h.type.descriptor.sql.BasicExtractor   : extracted value ([employee4_0_] : [VARCHAR]) - [John]
2023-01-18 14:35:26.056 TRACE 9604 --- [http-nio-8080-exec-10] o.h.type.descriptor.sql.BasicExtractor   : extracted value ([id1_0_] : [BIGINT]) - [5]
2023-01-18 14:35:26.056 TRACE 9604 --- [http-nio-8080-exec-10] o.h.type.descriptor.sql.BasicExtractor   : extracted value ([emloyee_2_0_] : [INTEGER]) - [3600000]
2023-01-18 14:35:26.056 TRACE 9604 --- [http-nio-8080-exec-10] o.h.type.descriptor.sql.BasicExtractor   : extracted value ([employee3_0_] : [VARCHAR]) - [SE]
2023-01-18 14:35:26.056 TRACE 9604 --- [http-nio-8080-exec-10] o.h.type.descriptor.sql.BasicExtractor   : extracted value ([employee4_0_] : [VARCHAR]) - [Kamal]
2023-01-18 14:35:26.056 TRACE 9604 --- [http-nio-8080-exec-10] o.h.type.descriptor.sql.BasicExtractor   : extracted value ([id1_0_] : [BIGINT]) - [12]
2023-01-18 14:35:26.056 TRACE 9604 --- [http-nio-8080-exec-10] o.h.type.descriptor.sql.BasicExtractor   : extracted value ([emloyee_2_0_] : [INTEGER]) - [360000]
2023-01-18 14:35:26.056 TRACE 9604 --- [http-nio-8080-exec-10] o.h.type.descriptor.sql.BasicExtractor   : extracted value ([employee3_0_] : [VARCHAR]) - [SE]
2023-01-18 14:35:26.056 TRACE 9604 --- [http-nio-8080-exec-10] o.h.type.descriptor.sql.BasicExtractor   : extracted value ([employee4_0_] : [VARCHAR]) - [Krishna]
2023-01-18 14:35:26.058 TRACE 9604 --- [http-nio-8080-exec-10] o.h.type.descriptor.sql.BasicExtractor   : extracted value ([id1_0_] : [BIGINT]) - [6]
2023-01-18 14:35:26.058 TRACE 9604 --- [http-nio-8080-exec-10] o.h.type.descriptor.sql.BasicExtractor   : extracted value ([emloyee_2_0_] : [INTEGER]) - [5500000]
2023-01-18 14:35:26.058 TRACE 9604 --- [http-nio-8080-exec-10] o.h.type.descriptor.sql.BasicExtractor   : extracted value ([employee3_0_] : [VARCHAR]) - [FA]
2023-01-18 14:35:26.058 TRACE 9604 --- [http-nio-8080-exec-10] o.h.type.descriptor.sql.BasicExtractor   : extracted value ([employee4_0_] : [VARCHAR]) - [Megha Z]
2023-01-18 14:35:26.070 DEBUG 9604 --- [http-nio-8080-exec-10] org.hibernate.SQL                        : select count(employee0_.id) as col_0_0_ from employee_table employee0_
2023-01-18 14:35:26.076 TRACE 9604 --- [http-nio-8080-exec-10] o.h.type.descriptor.sql.BasicExtractor   : extracted value ([col_0_0_] : [BIGINT]) - [12]
2023-01-18 14:35:31.593 DEBUG 9604 --- [http-nio-8080-exec-4] org.hibernate.SQL                        : select employee0_.id as id1_0_, employee0_.emloyee_salary as emloyee_2_0_, employee0_.employee_designation as employee3_0_, employee0_.employee_name as employee4_0_ from employee_table employee0_ order by employee0_.employee_name desc limit ?
2023-01-18 14:35:31.595 TRACE 9604 --- [http-nio-8080-exec-4] o.h.type.descriptor.sql.BasicExtractor   : extracted value ([id1_0_] : [BIGINT]) - [8]
2023-01-18 14:35:31.596 TRACE 9604 --- [http-nio-8080-exec-4] o.h.type.descriptor.sql.BasicExtractor   : extracted value ([emloyee_2_0_] : [INTEGER]) - [3500000]
2023-01-18 14:35:31.596 TRACE 9604 --- [http-nio-8080-exec-4] o.h.type.descriptor.sql.BasicExtractor   : extracted value ([employee3_0_] : [VARCHAR]) - [SF]
2023-01-18 14:35:31.596 TRACE 9604 --- [http-nio-8080-exec-4] o.h.type.descriptor.sql.BasicExtractor   : extracted value ([employee4_0_] : [VARCHAR]) - [Zeeni]
2023-01-18 14:35:31.597 TRACE 9604 --- [http-nio-8080-exec-4] o.h.type.descriptor.sql.BasicExtractor   : extracted value ([id1_0_] : [BIGINT]) - [4]
2023-01-18 14:35:31.597 TRACE 9604 --- [http-nio-8080-exec-4] o.h.type.descriptor.sql.BasicExtractor   : extracted value ([emloyee_2_0_] : [INTEGER]) - [7650000]
2023-01-18 14:35:31.597 TRACE 9604 --- [http-nio-8080-exec-4] o.h.type.descriptor.sql.BasicExtractor   : extracted value ([employee3_0_] : [VARCHAR]) - [ED]
2023-01-18 14:35:31.598 TRACE 9604 --- [http-nio-8080-exec-4] o.h.type.descriptor.sql.BasicExtractor   : extracted value ([employee4_0_] : [VARCHAR]) - [Tina]
2023-01-18 14:35:31.598 TRACE 9604 --- [http-nio-8080-exec-4] o.h.type.descriptor.sql.BasicExtractor   : extracted value ([id1_0_] : [BIGINT]) - [1]
2023-01-18 14:35:31.598 TRACE 9604 --- [http-nio-8080-exec-4] o.h.type.descriptor.sql.BasicExtractor   : extracted value ([emloyee_2_0_] : [INTEGER]) - [700000]
2023-01-18 14:35:31.598 TRACE 9604 --- [http-nio-8080-exec-4] o.h.type.descriptor.sql.BasicExtractor   : extracted value ([employee3_0_] : [VARCHAR]) - [SE]
2023-01-18 14:35:31.598 TRACE 9604 --- [http-nio-8080-exec-4] o.h.type.descriptor.sql.BasicExtractor   : extracted value ([employee4_0_] : [VARCHAR]) - [Tanvi Devi]
2023-01-18 14:35:31.598 TRACE 9604 --- [http-nio-8080-exec-4] o.h.type.descriptor.sql.BasicExtractor   : extracted value ([id1_0_] : [BIGINT]) - [13]
2023-01-18 14:35:31.599 TRACE 9604 --- [http-nio-8080-exec-4] o.h.type.descriptor.sql.BasicExtractor   : extracted value ([emloyee_2_0_] : [INTEGER]) - [360000]
2023-01-18 14:35:31.599 TRACE 9604 --- [http-nio-8080-exec-4] o.h.type.descriptor.sql.BasicExtractor   : extracted value ([employee3_0_] : [VARCHAR]) - [ASE]
2023-01-18 14:35:31.600 TRACE 9604 --- [http-nio-8080-exec-4] o.h.type.descriptor.sql.BasicExtractor   : extracted value ([employee4_0_] : [VARCHAR]) - [Riya]
2023-01-18 14:35:31.600 TRACE 9604 --- [http-nio-8080-exec-4] o.h.type.descriptor.sql.BasicExtractor   : extracted value ([id1_0_] : [BIGINT]) - [7]
2023-01-18 14:35:31.600 TRACE 9604 --- [http-nio-8080-exec-4] o.h.type.descriptor.sql.BasicExtractor   : extracted value ([emloyee_2_0_] : [INTEGER]) - [500000]
2023-01-18 14:35:31.600 TRACE 9604 --- [http-nio-8080-exec-4] o.h.type.descriptor.sql.BasicExtractor   : extracted value ([employee3_0_] : [VARCHAR]) - [ASE]
2023-01-18 14:35:31.600 TRACE 9604 --- [http-nio-8080-exec-4] o.h.type.descriptor.sql.BasicExtractor   : extracted value ([employee4_0_] : [VARCHAR]) - [Prajakta]
2023-01-18 14:35:31.602 DEBUG 9604 --- [http-nio-8080-exec-4] org.hibernate.SQL                        : select count(employee0_.id) as col_0_0_ from employee_table employee0_
2023-01-18 14:35:31.603 TRACE 9604 --- [http-nio-8080-exec-4] o.h.type.descriptor.sql.BasicExtractor   : extracted value ([col_0_0_] : [BIGINT]) - [12]
2023-01-18 14:35:32.902 DEBUG 9604 --- [http-nio-8080-exec-3] org.hibernate.SQL                        : select employee0_.id as id1_0_, employee0_.emloyee_salary as emloyee_2_0_, employee0_.employee_designation as employee3_0_, employee0_.employee_name as employee4_0_ from employee_table employee0_ order by employee0_.employee_name asc limit ?
2023-01-18 14:35:32.904 TRACE 9604 --- [http-nio-8080-exec-3] o.h.type.descriptor.sql.BasicExtractor   : extracted value ([id1_0_] : [BIGINT]) - [9]
2023-01-18 14:35:32.904 TRACE 9604 --- [http-nio-8080-exec-3] o.h.type.descriptor.sql.BasicExtractor   : extracted value ([emloyee_2_0_] : [INTEGER]) - [760000]
2023-01-18 14:35:32.904 TRACE 9604 --- [http-nio-8080-exec-3] o.h.type.descriptor.sql.BasicExtractor   : extracted value ([employee3_0_] : [VARCHAR]) - [RMS]
2023-01-18 14:35:32.905 TRACE 9604 --- [http-nio-8080-exec-3] o.h.type.descriptor.sql.BasicExtractor   : extracted value ([employee4_0_] : [VARCHAR]) - [Anushka]
2023-01-18 14:35:32.905 TRACE 9604 --- [http-nio-8080-exec-3] o.h.type.descriptor.sql.BasicExtractor   : extracted value ([id1_0_] : [BIGINT]) - [3]
2023-01-18 14:35:32.905 TRACE 9604 --- [http-nio-8080-exec-3] o.h.type.descriptor.sql.BasicExtractor   : extracted value ([emloyee_2_0_] : [INTEGER]) - [340000]
2023-01-18 14:35:32.905 TRACE 9604 --- [http-nio-8080-exec-3] o.h.type.descriptor.sql.BasicExtractor   : extracted value ([employee3_0_] : [VARCHAR]) - [EE]
2023-01-18 14:35:32.905 TRACE 9604 --- [http-nio-8080-exec-3] o.h.type.descriptor.sql.BasicExtractor   : extracted value ([employee4_0_] : [VARCHAR]) - [John]
2023-01-18 14:35:32.906 TRACE 9604 --- [http-nio-8080-exec-3] o.h.type.descriptor.sql.BasicExtractor   : extracted value ([id1_0_] : [BIGINT]) - [5]
2023-01-18 14:35:32.906 TRACE 9604 --- [http-nio-8080-exec-3] o.h.type.descriptor.sql.BasicExtractor   : extracted value ([emloyee_2_0_] : [INTEGER]) - [3600000]
2023-01-18 14:35:32.906 TRACE 9604 --- [http-nio-8080-exec-3] o.h.type.descriptor.sql.BasicExtractor   : extracted value ([employee3_0_] : [VARCHAR]) - [SE]
2023-01-18 14:35:32.906 TRACE 9604 --- [http-nio-8080-exec-3] o.h.type.descriptor.sql.BasicExtractor   : extracted value ([employee4_0_] : [VARCHAR]) - [Kamal]
2023-01-18 14:35:32.906 TRACE 9604 --- [http-nio-8080-exec-3] o.h.type.descriptor.sql.BasicExtractor   : extracted value ([id1_0_] : [BIGINT]) - [12]
2023-01-18 14:35:32.907 TRACE 9604 --- [http-nio-8080-exec-3] o.h.type.descriptor.sql.BasicExtractor   : extracted value ([emloyee_2_0_] : [INTEGER]) - [360000]
2023-01-18 14:35:32.907 TRACE 9604 --- [http-nio-8080-exec-3] o.h.type.descriptor.sql.BasicExtractor   : extracted value ([employee3_0_] : [VARCHAR]) - [SE]
2023-01-18 14:35:32.907 TRACE 9604 --- [http-nio-8080-exec-3] o.h.type.descriptor.sql.BasicExtractor   : extracted value ([employee4_0_] : [VARCHAR]) - [Krishna]
2023-01-18 14:35:32.907 TRACE 9604 --- [http-nio-8080-exec-3] o.h.type.descriptor.sql.BasicExtractor   : extracted value ([id1_0_] : [BIGINT]) - [6]
2023-01-18 14:35:32.908 TRACE 9604 --- [http-nio-8080-exec-3] o.h.type.descriptor.sql.BasicExtractor   : extracted value ([emloyee_2_0_] : [INTEGER]) - [5500000]
2023-01-18 14:35:32.908 TRACE 9604 --- [http-nio-8080-exec-3] o.h.type.descriptor.sql.BasicExtractor   : extracted value ([employee3_0_] : [VARCHAR]) - [FA]
2023-01-18 14:35:32.908 TRACE 9604 --- [http-nio-8080-exec-3] o.h.type.descriptor.sql.BasicExtractor   : extracted value ([employee4_0_] : [VARCHAR]) - [Megha Z]
2023-01-18 14:35:32.910 DEBUG 9604 --- [http-nio-8080-exec-3] org.hibernate.SQL                        : select count(employee0_.id) as col_0_0_ from employee_table employee0_
2023-01-18 14:35:32.912 TRACE 9604 --- [http-nio-8080-exec-3] o.h.type.descriptor.sql.BasicExtractor   : extracted value ([col_0_0_] : [BIGINT]) - [12]
2023-01-18 14:35:34.043 DEBUG 9604 --- [http-nio-8080-exec-5] org.hibernate.SQL                        : select employee0_.id as id1_0_, employee0_.emloyee_salary as emloyee_2_0_, employee0_.employee_designation as employee3_0_, employee0_.employee_name as employee4_0_ from employee_table employee0_ order by employee0_.employee_designation desc limit ?
2023-01-18 14:35:34.045 TRACE 9604 --- [http-nio-8080-exec-5] o.h.type.descriptor.sql.BasicExtractor   : extracted value ([id1_0_] : [BIGINT]) - [8]
2023-01-18 14:35:34.046 TRACE 9604 --- [http-nio-8080-exec-5] o.h.type.descriptor.sql.BasicExtractor   : extracted value ([emloyee_2_0_] : [INTEGER]) - [3500000]
2023-01-18 14:35:34.046 TRACE 9604 --- [http-nio-8080-exec-5] o.h.type.descriptor.sql.BasicExtractor   : extracted value ([employee3_0_] : [VARCHAR]) - [SF]
2023-01-18 14:35:34.046 TRACE 9604 --- [http-nio-8080-exec-5] o.h.type.descriptor.sql.BasicExtractor   : extracted value ([employee4_0_] : [VARCHAR]) - [Zeeni]
2023-01-18 14:35:34.046 TRACE 9604 --- [http-nio-8080-exec-5] o.h.type.descriptor.sql.BasicExtractor   : extracted value ([id1_0_] : [BIGINT]) - [2]
2023-01-18 14:35:34.047 TRACE 9604 --- [http-nio-8080-exec-5] o.h.type.descriptor.sql.BasicExtractor   : extracted value ([emloyee_2_0_] : [INTEGER]) - [8700000]
2023-01-18 14:35:34.047 TRACE 9604 --- [http-nio-8080-exec-5] o.h.type.descriptor.sql.BasicExtractor   : extracted value ([employee3_0_] : [VARCHAR]) - [SET]
2023-01-18 14:35:34.047 TRACE 9604 --- [http-nio-8080-exec-5] o.h.type.descriptor.sql.BasicExtractor   : extracted value ([employee4_0_] : [VARCHAR]) - [Palak Devi]
2023-01-18 14:35:34.047 TRACE 9604 --- [http-nio-8080-exec-5] o.h.type.descriptor.sql.BasicExtractor   : extracted value ([id1_0_] : [BIGINT]) - [1]
2023-01-18 14:35:34.048 TRACE 9604 --- [http-nio-8080-exec-5] o.h.type.descriptor.sql.BasicExtractor   : extracted value ([emloyee_2_0_] : [INTEGER]) - [700000]
2023-01-18 14:35:34.048 TRACE 9604 --- [http-nio-8080-exec-5] o.h.type.descriptor.sql.BasicExtractor   : extracted value ([employee3_0_] : [VARCHAR]) - [SE]
2023-01-18 14:35:34.048 TRACE 9604 --- [http-nio-8080-exec-5] o.h.type.descriptor.sql.BasicExtractor   : extracted value ([employee4_0_] : [VARCHAR]) - [Tanvi Devi]
2023-01-18 14:35:34.048 TRACE 9604 --- [http-nio-8080-exec-5] o.h.type.descriptor.sql.BasicExtractor   : extracted value ([id1_0_] : [BIGINT]) - [5]
2023-01-18 14:35:34.049 TRACE 9604 --- [http-nio-8080-exec-5] o.h.type.descriptor.sql.BasicExtractor   : extracted value ([emloyee_2_0_] : [INTEGER]) - [3600000]
2023-01-18 14:35:34.049 TRACE 9604 --- [http-nio-8080-exec-5] o.h.type.descriptor.sql.BasicExtractor   : extracted value ([employee3_0_] : [VARCHAR]) - [SE]
2023-01-18 14:35:34.049 TRACE 9604 --- [http-nio-8080-exec-5] o.h.type.descriptor.sql.BasicExtractor   : extracted value ([employee4_0_] : [VARCHAR]) - [Kamal]
2023-01-18 14:35:34.049 TRACE 9604 --- [http-nio-8080-exec-5] o.h.type.descriptor.sql.BasicExtractor   : extracted value ([id1_0_] : [BIGINT]) - [12]
2023-01-18 14:35:34.050 TRACE 9604 --- [http-nio-8080-exec-5] o.h.type.descriptor.sql.BasicExtractor   : extracted value ([emloyee_2_0_] : [INTEGER]) - [360000]
2023-01-18 14:35:34.050 TRACE 9604 --- [http-nio-8080-exec-5] o.h.type.descriptor.sql.BasicExtractor   : extracted value ([employee3_0_] : [VARCHAR]) - [SE]
2023-01-18 14:35:34.050 TRACE 9604 --- [http-nio-8080-exec-5] o.h.type.descriptor.sql.BasicExtractor   : extracted value ([employee4_0_] : [VARCHAR]) - [Krishna]
2023-01-18 14:35:34.052 DEBUG 9604 --- [http-nio-8080-exec-5] org.hibernate.SQL                        : select count(employee0_.id) as col_0_0_ from employee_table employee0_
2023-01-18 14:35:34.053 TRACE 9604 --- [http-nio-8080-exec-5] o.h.type.descriptor.sql.BasicExtractor   : extracted value ([col_0_0_] : [BIGINT]) - [12]
2023-01-18 14:35:35.614 DEBUG 9604 --- [http-nio-8080-exec-9] org.hibernate.SQL                        : select employee0_.id as id1_0_, employee0_.emloyee_salary as emloyee_2_0_, employee0_.employee_designation as employee3_0_, employee0_.employee_name as employee4_0_ from employee_table employee0_ order by employee0_.employee_designation asc limit ?
2023-01-18 14:35:35.616 TRACE 9604 --- [http-nio-8080-exec-9] o.h.type.descriptor.sql.BasicExtractor   : extracted value ([id1_0_] : [BIGINT]) - [11]
2023-01-18 14:35:35.617 TRACE 9604 --- [http-nio-8080-exec-9] o.h.type.descriptor.sql.BasicExtractor   : extracted value ([emloyee_2_0_] : [INTEGER]) - [460000]
2023-01-18 14:35:35.617 TRACE 9604 --- [http-nio-8080-exec-9] o.h.type.descriptor.sql.BasicExtractor   : extracted value ([employee3_0_] : [VARCHAR]) - [AME]
2023-01-18 14:35:35.618 TRACE 9604 --- [http-nio-8080-exec-9] o.h.type.descriptor.sql.BasicExtractor   : extracted value ([employee4_0_] : [VARCHAR]) - [Naksh]
2023-01-18 14:35:35.618 TRACE 9604 --- [http-nio-8080-exec-9] o.h.type.descriptor.sql.BasicExtractor   : extracted value ([id1_0_] : [BIGINT]) - [7]
2023-01-18 14:35:35.618 TRACE 9604 --- [http-nio-8080-exec-9] o.h.type.descriptor.sql.BasicExtractor   : extracted value ([emloyee_2_0_] : [INTEGER]) - [500000]
2023-01-18 14:35:35.619 TRACE 9604 --- [http-nio-8080-exec-9] o.h.type.descriptor.sql.BasicExtractor   : extracted value ([employee3_0_] : [VARCHAR]) - [ASE]
2023-01-18 14:35:35.619 TRACE 9604 --- [http-nio-8080-exec-9] o.h.type.descriptor.sql.BasicExtractor   : extracted value ([employee4_0_] : [VARCHAR]) - [Prajakta]
2023-01-18 14:35:35.619 TRACE 9604 --- [http-nio-8080-exec-9] o.h.type.descriptor.sql.BasicExtractor   : extracted value ([id1_0_] : [BIGINT]) - [13]
2023-01-18 14:35:35.619 TRACE 9604 --- [http-nio-8080-exec-9] o.h.type.descriptor.sql.BasicExtractor   : extracted value ([emloyee_2_0_] : [INTEGER]) - [360000]
2023-01-18 14:35:35.620 TRACE 9604 --- [http-nio-8080-exec-9] o.h.type.descriptor.sql.BasicExtractor   : extracted value ([employee3_0_] : [VARCHAR]) - [ASE]
2023-01-18 14:35:35.621 TRACE 9604 --- [http-nio-8080-exec-9] o.h.type.descriptor.sql.BasicExtractor   : extracted value ([employee4_0_] : [VARCHAR]) - [Riya]
2023-01-18 14:35:35.621 TRACE 9604 --- [http-nio-8080-exec-9] o.h.type.descriptor.sql.BasicExtractor   : extracted value ([id1_0_] : [BIGINT]) - [4]
2023-01-18 14:35:35.621 TRACE 9604 --- [http-nio-8080-exec-9] o.h.type.descriptor.sql.BasicExtractor   : extracted value ([emloyee_2_0_] : [INTEGER]) - [7650000]
2023-01-18 14:35:35.623 TRACE 9604 --- [http-nio-8080-exec-9] o.h.type.descriptor.sql.BasicExtractor   : extracted value ([employee3_0_] : [VARCHAR]) - [ED]
2023-01-18 14:35:35.623 TRACE 9604 --- [http-nio-8080-exec-9] o.h.type.descriptor.sql.BasicExtractor   : extracted value ([employee4_0_] : [VARCHAR]) - [Tina]
2023-01-18 14:35:35.623 TRACE 9604 --- [http-nio-8080-exec-9] o.h.type.descriptor.sql.BasicExtractor   : extracted value ([id1_0_] : [BIGINT]) - [3]
2023-01-18 14:35:35.623 TRACE 9604 --- [http-nio-8080-exec-9] o.h.type.descriptor.sql.BasicExtractor   : extracted value ([emloyee_2_0_] : [INTEGER]) - [340000]
2023-01-18 14:35:35.624 TRACE 9604 --- [http-nio-8080-exec-9] o.h.type.descriptor.sql.BasicExtractor   : extracted value ([employee3_0_] : [VARCHAR]) - [EE]
2023-01-18 14:35:35.624 TRACE 9604 --- [http-nio-8080-exec-9] o.h.type.descriptor.sql.BasicExtractor   : extracted value ([employee4_0_] : [VARCHAR]) - [John]
2023-01-18 14:35:35.625 DEBUG 9604 --- [http-nio-8080-exec-9] org.hibernate.SQL                        : select count(employee0_.id) as col_0_0_ from employee_table employee0_
2023-01-18 14:35:35.627 TRACE 9604 --- [http-nio-8080-exec-9] o.h.type.descriptor.sql.BasicExtractor   : extracted value ([col_0_0_] : [BIGINT]) - [12]
2023-01-18 14:35:39.224 DEBUG 9604 --- [http-nio-8080-exec-8] org.hibernate.SQL                        : select employee0_.id as id1_0_, employee0_.emloyee_salary as emloyee_2_0_, employee0_.employee_designation as employee3_0_, employee0_.employee_name as employee4_0_ from employee_table employee0_ order by employee0_.emloyee_salary desc limit ?
2023-01-18 14:35:39.225 TRACE 9604 --- [http-nio-8080-exec-8] o.h.type.descriptor.sql.BasicExtractor   : extracted value ([id1_0_] : [BIGINT]) - [2]
2023-01-18 14:35:39.226 TRACE 9604 --- [http-nio-8080-exec-8] o.h.type.descriptor.sql.BasicExtractor   : extracted value ([emloyee_2_0_] : [INTEGER]) - [8700000]
2023-01-18 14:35:39.226 TRACE 9604 --- [http-nio-8080-exec-8] o.h.type.descriptor.sql.BasicExtractor   : extracted value ([employee3_0_] : [VARCHAR]) - [SET]
2023-01-18 14:35:39.226 TRACE 9604 --- [http-nio-8080-exec-8] o.h.type.descriptor.sql.BasicExtractor   : extracted value ([employee4_0_] : [VARCHAR]) - [Palak Devi]
2023-01-18 14:35:39.227 TRACE 9604 --- [http-nio-8080-exec-8] o.h.type.descriptor.sql.BasicExtractor   : extracted value ([id1_0_] : [BIGINT]) - [4]
2023-01-18 14:35:39.227 TRACE 9604 --- [http-nio-8080-exec-8] o.h.type.descriptor.sql.BasicExtractor   : extracted value ([emloyee_2_0_] : [INTEGER]) - [7650000]
2023-01-18 14:35:39.227 TRACE 9604 --- [http-nio-8080-exec-8] o.h.type.descriptor.sql.BasicExtractor   : extracted value ([employee3_0_] : [VARCHAR]) - [ED]
2023-01-18 14:35:39.227 TRACE 9604 --- [http-nio-8080-exec-8] o.h.type.descriptor.sql.BasicExtractor   : extracted value ([employee4_0_] : [VARCHAR]) - [Tina]
2023-01-18 14:35:39.227 TRACE 9604 --- [http-nio-8080-exec-8] o.h.type.descriptor.sql.BasicExtractor   : extracted value ([id1_0_] : [BIGINT]) - [6]
2023-01-18 14:35:39.228 TRACE 9604 --- [http-nio-8080-exec-8] o.h.type.descriptor.sql.BasicExtractor   : extracted value ([emloyee_2_0_] : [INTEGER]) - [5500000]
2023-01-18 14:35:39.228 TRACE 9604 --- [http-nio-8080-exec-8] o.h.type.descriptor.sql.BasicExtractor   : extracted value ([employee3_0_] : [VARCHAR]) - [FA]
2023-01-18 14:35:39.228 TRACE 9604 --- [http-nio-8080-exec-8] o.h.type.descriptor.sql.BasicExtractor   : extracted value ([employee4_0_] : [VARCHAR]) - [Megha Z]
2023-01-18 14:35:39.228 TRACE 9604 --- [http-nio-8080-exec-8] o.h.type.descriptor.sql.BasicExtractor   : extracted value ([id1_0_] : [BIGINT]) - [5]
2023-01-18 14:35:39.229 TRACE 9604 --- [http-nio-8080-exec-8] o.h.type.descriptor.sql.BasicExtractor   : extracted value ([emloyee_2_0_] : [INTEGER]) - [3600000]
2023-01-18 14:35:39.229 TRACE 9604 --- [http-nio-8080-exec-8] o.h.type.descriptor.sql.BasicExtractor   : extracted value ([employee3_0_] : [VARCHAR]) - [SE]
2023-01-18 14:35:39.229 TRACE 9604 --- [http-nio-8080-exec-8] o.h.type.descriptor.sql.BasicExtractor   : extracted value ([employee4_0_] : [VARCHAR]) - [Kamal]
2023-01-18 14:35:39.229 TRACE 9604 --- [http-nio-8080-exec-8] o.h.type.descriptor.sql.BasicExtractor   : extracted value ([id1_0_] : [BIGINT]) - [8]
2023-01-18 14:35:39.230 TRACE 9604 --- [http-nio-8080-exec-8] o.h.type.descriptor.sql.BasicExtractor   : extracted value ([emloyee_2_0_] : [INTEGER]) - [3500000]
2023-01-18 14:35:39.230 TRACE 9604 --- [http-nio-8080-exec-8] o.h.type.descriptor.sql.BasicExtractor   : extracted value ([employee3_0_] : [VARCHAR]) - [SF]
2023-01-18 14:35:39.230 TRACE 9604 --- [http-nio-8080-exec-8] o.h.type.descriptor.sql.BasicExtractor   : extracted value ([employee4_0_] : [VARCHAR]) - [Zeeni]
2023-01-18 14:35:39.232 DEBUG 9604 --- [http-nio-8080-exec-8] org.hibernate.SQL                        : select count(employee0_.id) as col_0_0_ from employee_table employee0_
2023-01-18 14:35:39.233 TRACE 9604 --- [http-nio-8080-exec-8] o.h.type.descriptor.sql.BasicExtractor   : extracted value ([col_0_0_] : [BIGINT]) - [12]
2023-01-18 14:35:41.865  INFO 9604 --- [http-nio-8080-exec-10] c.e.controller.LogController             : Employee form opened
2023-01-18 14:36:11.029 DEBUG 9604 --- [http-nio-8080-exec-1] org.hibernate.SQL                        : insert into employee_table (emloyee_salary, employee_designation, employee_name) values (?, ?, ?)
2023-01-18 14:36:11.031 TRACE 9604 --- [http-nio-8080-exec-1] o.h.type.descriptor.sql.BasicBinder      : binding parameter [1] as [INTEGER] - [550000]
2023-01-18 14:36:11.032 TRACE 9604 --- [http-nio-8080-exec-1] o.h.type.descriptor.sql.BasicBinder      : binding parameter [2] as [VARCHAR] - [SE]
2023-01-18 14:36:11.032 TRACE 9604 --- [http-nio-8080-exec-1] o.h.type.descriptor.sql.BasicBinder      : binding parameter [3] as [VARCHAR] - [Shreyan]
2023-01-18 14:36:11.064  INFO 9604 --- [http-nio-8080-exec-1] c.e.controller.LogController             : Employee details saved
2023-01-18 14:36:11.080 DEBUG 9604 --- [http-nio-8080-exec-2] org.hibernate.SQL                        : select employee0_.id as id1_0_, employee0_.emloyee_salary as emloyee_2_0_, employee0_.employee_designation as employee3_0_, employee0_.employee_name as employee4_0_ from employee_table employee0_ order by employee0_.employee_name asc limit ?
2023-01-18 14:36:11.081 TRACE 9604 --- [http-nio-8080-exec-2] o.h.type.descriptor.sql.BasicExtractor   : extracted value ([id1_0_] : [BIGINT]) - [9]
2023-01-18 14:36:11.082 TRACE 9604 --- [http-nio-8080-exec-2] o.h.type.descriptor.sql.BasicExtractor   : extracted value ([emloyee_2_0_] : [INTEGER]) - [760000]
2023-01-18 14:36:11.082 TRACE 9604 --- [http-nio-8080-exec-2] o.h.type.descriptor.sql.BasicExtractor   : extracted value ([employee3_0_] : [VARCHAR]) - [RMS]
2023-01-18 14:36:11.082 TRACE 9604 --- [http-nio-8080-exec-2] o.h.type.descriptor.sql.BasicExtractor   : extracted value ([employee4_0_] : [VARCHAR]) - [Anushka]
2023-01-18 14:36:11.083 TRACE 9604 --- [http-nio-8080-exec-2] o.h.type.descriptor.sql.BasicExtractor   : extracted value ([id1_0_] : [BIGINT]) - [3]
2023-01-18 14:36:11.083 TRACE 9604 --- [http-nio-8080-exec-2] o.h.type.descriptor.sql.BasicExtractor   : extracted value ([emloyee_2_0_] : [INTEGER]) - [340000]
2023-01-18 14:36:11.083 TRACE 9604 --- [http-nio-8080-exec-2] o.h.type.descriptor.sql.BasicExtractor   : extracted value ([employee3_0_] : [VARCHAR]) - [EE]
2023-01-18 14:36:11.083 TRACE 9604 --- [http-nio-8080-exec-2] o.h.type.descriptor.sql.BasicExtractor   : extracted value ([employee4_0_] : [VARCHAR]) - [John]
2023-01-18 14:36:11.083 TRACE 9604 --- [http-nio-8080-exec-2] o.h.type.descriptor.sql.BasicExtractor   : extracted value ([id1_0_] : [BIGINT]) - [5]
2023-01-18 14:36:11.084 TRACE 9604 --- [http-nio-8080-exec-2] o.h.type.descriptor.sql.BasicExtractor   : extracted value ([emloyee_2_0_] : [INTEGER]) - [3600000]
2023-01-18 14:36:11.084 TRACE 9604 --- [http-nio-8080-exec-2] o.h.type.descriptor.sql.BasicExtractor   : extracted value ([employee3_0_] : [VARCHAR]) - [SE]
2023-01-18 14:36:11.084 TRACE 9604 --- [http-nio-8080-exec-2] o.h.type.descriptor.sql.BasicExtractor   : extracted value ([employee4_0_] : [VARCHAR]) - [Kamal]
2023-01-18 14:36:11.084 TRACE 9604 --- [http-nio-8080-exec-2] o.h.type.descriptor.sql.BasicExtractor   : extracted value ([id1_0_] : [BIGINT]) - [12]
2023-01-18 14:36:11.084 TRACE 9604 --- [http-nio-8080-exec-2] o.h.type.descriptor.sql.BasicExtractor   : extracted value ([emloyee_2_0_] : [INTEGER]) - [360000]
2023-01-18 14:36:11.084 TRACE 9604 --- [http-nio-8080-exec-2] o.h.type.descriptor.sql.BasicExtractor   : extracted value ([employee3_0_] : [VARCHAR]) - [SE]
2023-01-18 14:36:11.085 TRACE 9604 --- [http-nio-8080-exec-2] o.h.type.descriptor.sql.BasicExtractor   : extracted value ([employee4_0_] : [VARCHAR]) - [Krishna]
2023-01-18 14:36:11.085 TRACE 9604 --- [http-nio-8080-exec-2] o.h.type.descriptor.sql.BasicExtractor   : extracted value ([id1_0_] : [BIGINT]) - [6]
2023-01-18 14:36:11.085 TRACE 9604 --- [http-nio-8080-exec-2] o.h.type.descriptor.sql.BasicExtractor   : extracted value ([emloyee_2_0_] : [INTEGER]) - [5500000]
2023-01-18 14:36:11.085 TRACE 9604 --- [http-nio-8080-exec-2] o.h.type.descriptor.sql.BasicExtractor   : extracted value ([employee3_0_] : [VARCHAR]) - [FA]
2023-01-18 14:36:11.085 TRACE 9604 --- [http-nio-8080-exec-2] o.h.type.descriptor.sql.BasicExtractor   : extracted value ([employee4_0_] : [VARCHAR]) - [Megha Z]
2023-01-18 14:36:11.087 DEBUG 9604 --- [http-nio-8080-exec-2] org.hibernate.SQL                        : select count(employee0_.id) as col_0_0_ from employee_table employee0_
2023-01-18 14:36:11.089 TRACE 9604 --- [http-nio-8080-exec-2] o.h.type.descriptor.sql.BasicExtractor   : extracted value ([col_0_0_] : [BIGINT]) - [13]
2023-01-18 14:36:14.621 DEBUG 9604 --- [http-nio-8080-exec-4] org.hibernate.SQL                        : select employee0_.id as id1_0_, employee0_.emloyee_salary as emloyee_2_0_, employee0_.employee_designation as employee3_0_, employee0_.employee_name as employee4_0_ from employee_table employee0_ order by employee0_.employee_name asc limit ?, ?
2023-01-18 14:36:14.625 TRACE 9604 --- [http-nio-8080-exec-4] o.h.type.descriptor.sql.BasicExtractor   : extracted value ([id1_0_] : [BIGINT]) - [11]
2023-01-18 14:36:14.625 TRACE 9604 --- [http-nio-8080-exec-4] o.h.type.descriptor.sql.BasicExtractor   : extracted value ([emloyee_2_0_] : [INTEGER]) - [460000]
2023-01-18 14:36:14.625 TRACE 9604 --- [http-nio-8080-exec-4] o.h.type.descriptor.sql.BasicExtractor   : extracted value ([employee3_0_] : [VARCHAR]) - [AME]
2023-01-18 14:36:14.625 TRACE 9604 --- [http-nio-8080-exec-4] o.h.type.descriptor.sql.BasicExtractor   : extracted value ([employee4_0_] : [VARCHAR]) - [Naksh]
2023-01-18 14:36:14.626 TRACE 9604 --- [http-nio-8080-exec-4] o.h.type.descriptor.sql.BasicExtractor   : extracted value ([id1_0_] : [BIGINT]) - [2]
2023-01-18 14:36:14.626 TRACE 9604 --- [http-nio-8080-exec-4] o.h.type.descriptor.sql.BasicExtractor   : extracted value ([emloyee_2_0_] : [INTEGER]) - [8700000]
2023-01-18 14:36:14.626 TRACE 9604 --- [http-nio-8080-exec-4] o.h.type.descriptor.sql.BasicExtractor   : extracted value ([employee3_0_] : [VARCHAR]) - [SET]
2023-01-18 14:36:14.626 TRACE 9604 --- [http-nio-8080-exec-4] o.h.type.descriptor.sql.BasicExtractor   : extracted value ([employee4_0_] : [VARCHAR]) - [Palak Devi]
2023-01-18 14:36:14.627 TRACE 9604 --- [http-nio-8080-exec-4] o.h.type.descriptor.sql.BasicExtractor   : extracted value ([id1_0_] : [BIGINT]) - [7]
2023-01-18 14:36:14.627 TRACE 9604 --- [http-nio-8080-exec-4] o.h.type.descriptor.sql.BasicExtractor   : extracted value ([emloyee_2_0_] : [INTEGER]) - [500000]
2023-01-18 14:36:14.627 TRACE 9604 --- [http-nio-8080-exec-4] o.h.type.descriptor.sql.BasicExtractor   : extracted value ([employee3_0_] : [VARCHAR]) - [ASE]
2023-01-18 14:36:14.627 TRACE 9604 --- [http-nio-8080-exec-4] o.h.type.descriptor.sql.BasicExtractor   : extracted value ([employee4_0_] : [VARCHAR]) - [Prajakta]
2023-01-18 14:36:14.627 TRACE 9604 --- [http-nio-8080-exec-4] o.h.type.descriptor.sql.BasicExtractor   : extracted value ([id1_0_] : [BIGINT]) - [13]
2023-01-18 14:36:14.628 TRACE 9604 --- [http-nio-8080-exec-4] o.h.type.descriptor.sql.BasicExtractor   : extracted value ([emloyee_2_0_] : [INTEGER]) - [360000]
2023-01-18 14:36:14.628 TRACE 9604 --- [http-nio-8080-exec-4] o.h.type.descriptor.sql.BasicExtractor   : extracted value ([employee3_0_] : [VARCHAR]) - [ASE]
2023-01-18 14:36:14.628 TRACE 9604 --- [http-nio-8080-exec-4] o.h.type.descriptor.sql.BasicExtractor   : extracted value ([employee4_0_] : [VARCHAR]) - [Riya]
2023-01-18 14:36:14.628 TRACE 9604 --- [http-nio-8080-exec-4] o.h.type.descriptor.sql.BasicExtractor   : extracted value ([id1_0_] : [BIGINT]) - [14]
2023-01-18 14:36:14.629 TRACE 9604 --- [http-nio-8080-exec-4] o.h.type.descriptor.sql.BasicExtractor   : extracted value ([emloyee_2_0_] : [INTEGER]) - [550000]
2023-01-18 14:36:14.629 TRACE 9604 --- [http-nio-8080-exec-4] o.h.type.descriptor.sql.BasicExtractor   : extracted value ([employee3_0_] : [VARCHAR]) - [SE]
2023-01-18 14:36:14.629 TRACE 9604 --- [http-nio-8080-exec-4] o.h.type.descriptor.sql.BasicExtractor   : extracted value ([employee4_0_] : [VARCHAR]) - [Shreyan]
2023-01-18 14:36:14.630 DEBUG 9604 --- [http-nio-8080-exec-4] org.hibernate.SQL                        : select count(employee0_.id) as col_0_0_ from employee_table employee0_
2023-01-18 14:36:14.631 TRACE 9604 --- [http-nio-8080-exec-4] o.h.type.descriptor.sql.BasicExtractor   : extracted value ([col_0_0_] : [BIGINT]) - [13]
2023-01-18 14:36:20.159 DEBUG 9604 --- [http-nio-8080-exec-3] org.hibernate.SQL                        : select employee0_.id as id1_0_0_, employee0_.emloyee_salary as emloyee_2_0_0_, employee0_.employee_designation as employee3_0_0_, employee0_.employee_name as employee4_0_0_ from employee_table employee0_ where employee0_.id=?
2023-01-18 14:36:20.160 TRACE 9604 --- [http-nio-8080-exec-3] o.h.type.descriptor.sql.BasicBinder      : binding parameter [1] as [BIGINT] - [14]
2023-01-18 14:36:20.165 TRACE 9604 --- [http-nio-8080-exec-3] o.h.type.descriptor.sql.BasicExtractor   : extracted value ([emloyee_2_0_0_] : [INTEGER]) - [550000]
2023-01-18 14:36:20.166 TRACE 9604 --- [http-nio-8080-exec-3] o.h.type.descriptor.sql.BasicExtractor   : extracted value ([employee3_0_0_] : [VARCHAR]) - [SE]
2023-01-18 14:36:20.166 TRACE 9604 --- [http-nio-8080-exec-3] o.h.type.descriptor.sql.BasicExtractor   : extracted value ([employee4_0_0_] : [VARCHAR]) - [Shreyan]
2023-01-18 14:36:20.168  INFO 9604 --- [http-nio-8080-exec-3] c.e.controller.LogController             : Employee details updated
2023-01-18 14:36:20.292  WARN 9604 --- [http-nio-8080-exec-5] .w.s.m.s.DefaultHandlerExceptionResolver : Resolved [org.springframework.web.method.annotation.MethodArgumentTypeMismatchException: Failed to convert value of type 'java.lang.String' to required type 'long'; nested exception is java.lang.NumberFormatException: For input string: "style.css"]
2023-01-18 14:36:22.436 DEBUG 9604 --- [http-nio-8080-exec-7] org.hibernate.SQL                        : select employee0_.id as id1_0_0_, employee0_.emloyee_salary as emloyee_2_0_0_, employee0_.employee_designation as employee3_0_0_, employee0_.employee_name as employee4_0_0_ from employee_table employee0_ where employee0_.id=?
2023-01-18 14:36:22.437 TRACE 9604 --- [http-nio-8080-exec-7] o.h.type.descriptor.sql.BasicBinder      : binding parameter [1] as [BIGINT] - [14]
2023-01-18 14:36:22.439 TRACE 9604 --- [http-nio-8080-exec-7] o.h.type.descriptor.sql.BasicExtractor   : extracted value ([emloyee_2_0_0_] : [INTEGER]) - [550000]
2023-01-18 14:36:22.439 TRACE 9604 --- [http-nio-8080-exec-7] o.h.type.descriptor.sql.BasicExtractor   : extracted value ([employee3_0_0_] : [VARCHAR]) - [SE]
2023-01-18 14:36:22.439 TRACE 9604 --- [http-nio-8080-exec-7] o.h.type.descriptor.sql.BasicExtractor   : extracted value ([employee4_0_0_] : [VARCHAR]) - [Shreyan]
2023-01-18 14:36:22.441  INFO 9604 --- [http-nio-8080-exec-7] c.e.controller.LogController             : Employee details saved
2023-01-18 14:36:22.474 DEBUG 9604 --- [http-nio-8080-exec-6] org.hibernate.SQL                        : select employee0_.id as id1_0_, employee0_.emloyee_salary as emloyee_2_0_, employee0_.employee_designation as employee3_0_, employee0_.employee_name as employee4_0_ from employee_table employee0_ order by employee0_.employee_name asc limit ?
2023-01-18 14:36:22.475 TRACE 9604 --- [http-nio-8080-exec-6] o.h.type.descriptor.sql.BasicExtractor   : extracted value ([id1_0_] : [BIGINT]) - [9]
2023-01-18 14:36:22.477 TRACE 9604 --- [http-nio-8080-exec-6] o.h.type.descriptor.sql.BasicExtractor   : extracted value ([emloyee_2_0_] : [INTEGER]) - [760000]
2023-01-18 14:36:22.477 TRACE 9604 --- [http-nio-8080-exec-6] o.h.type.descriptor.sql.BasicExtractor   : extracted value ([employee3_0_] : [VARCHAR]) - [RMS]
2023-01-18 14:36:22.477 TRACE 9604 --- [http-nio-8080-exec-6] o.h.type.descriptor.sql.BasicExtractor   : extracted value ([employee4_0_] : [VARCHAR]) - [Anushka]
2023-01-18 14:36:22.478 TRACE 9604 --- [http-nio-8080-exec-6] o.h.type.descriptor.sql.BasicExtractor   : extracted value ([id1_0_] : [BIGINT]) - [3]
2023-01-18 14:36:22.478 TRACE 9604 --- [http-nio-8080-exec-6] o.h.type.descriptor.sql.BasicExtractor   : extracted value ([emloyee_2_0_] : [INTEGER]) - [340000]
2023-01-18 14:36:22.478 TRACE 9604 --- [http-nio-8080-exec-6] o.h.type.descriptor.sql.BasicExtractor   : extracted value ([employee3_0_] : [VARCHAR]) - [EE]
2023-01-18 14:36:22.478 TRACE 9604 --- [http-nio-8080-exec-6] o.h.type.descriptor.sql.BasicExtractor   : extracted value ([employee4_0_] : [VARCHAR]) - [John]
2023-01-18 14:36:22.478 TRACE 9604 --- [http-nio-8080-exec-6] o.h.type.descriptor.sql.BasicExtractor   : extracted value ([id1_0_] : [BIGINT]) - [5]
2023-01-18 14:36:22.478 TRACE 9604 --- [http-nio-8080-exec-6] o.h.type.descriptor.sql.BasicExtractor   : extracted value ([emloyee_2_0_] : [INTEGER]) - [3600000]
2023-01-18 14:36:22.479 TRACE 9604 --- [http-nio-8080-exec-6] o.h.type.descriptor.sql.BasicExtractor   : extracted value ([employee3_0_] : [VARCHAR]) - [SE]
2023-01-18 14:36:22.479 TRACE 9604 --- [http-nio-8080-exec-6] o.h.type.descriptor.sql.BasicExtractor   : extracted value ([employee4_0_] : [VARCHAR]) - [Kamal]
2023-01-18 14:36:22.479 TRACE 9604 --- [http-nio-8080-exec-6] o.h.type.descriptor.sql.BasicExtractor   : extracted value ([id1_0_] : [BIGINT]) - [12]
2023-01-18 14:36:22.479 TRACE 9604 --- [http-nio-8080-exec-6] o.h.type.descriptor.sql.BasicExtractor   : extracted value ([emloyee_2_0_] : [INTEGER]) - [360000]
2023-01-18 14:36:22.479 TRACE 9604 --- [http-nio-8080-exec-6] o.h.type.descriptor.sql.BasicExtractor   : extracted value ([employee3_0_] : [VARCHAR]) - [SE]
2023-01-18 14:36:22.479 TRACE 9604 --- [http-nio-8080-exec-6] o.h.type.descriptor.sql.BasicExtractor   : extracted value ([employee4_0_] : [VARCHAR]) - [Krishna]
2023-01-18 14:36:22.479 TRACE 9604 --- [http-nio-8080-exec-6] o.h.type.descriptor.sql.BasicExtractor   : extracted value ([id1_0_] : [BIGINT]) - [6]
2023-01-18 14:36:22.480 TRACE 9604 --- [http-nio-8080-exec-6] o.h.type.descriptor.sql.BasicExtractor   : extracted value ([emloyee_2_0_] : [INTEGER]) - [5500000]
2023-01-18 14:36:22.480 TRACE 9604 --- [http-nio-8080-exec-6] o.h.type.descriptor.sql.BasicExtractor   : extracted value ([employee3_0_] : [VARCHAR]) - [FA]
2023-01-18 14:36:22.480 TRACE 9604 --- [http-nio-8080-exec-6] o.h.type.descriptor.sql.BasicExtractor   : extracted value ([employee4_0_] : [VARCHAR]) - [Megha Z]
2023-01-18 14:36:22.482 DEBUG 9604 --- [http-nio-8080-exec-6] org.hibernate.SQL                        : select count(employee0_.id) as col_0_0_ from employee_table employee0_
2023-01-18 14:36:22.483 TRACE 9604 --- [http-nio-8080-exec-6] o.h.type.descriptor.sql.BasicExtractor   : extracted value ([col_0_0_] : [BIGINT]) - [13]
2023-01-18 14:36:40.957 DEBUG 9604 --- [http-nio-8080-exec-9] org.hibernate.SQL                        : select employee0_.id as id1_0_0_, employee0_.emloyee_salary as emloyee_2_0_0_, employee0_.employee_designation as employee3_0_0_, employee0_.employee_name as employee4_0_0_ from employee_table employee0_ where employee0_.id=?
2023-01-18 14:36:40.958 TRACE 9604 --- [http-nio-8080-exec-9] o.h.type.descriptor.sql.BasicBinder      : binding parameter [1] as [BIGINT] - [5]
2023-01-18 14:36:40.959 TRACE 9604 --- [http-nio-8080-exec-9] o.h.type.descriptor.sql.BasicExtractor   : extracted value ([emloyee_2_0_0_] : [INTEGER]) - [3600000]
2023-01-18 14:36:40.960 TRACE 9604 --- [http-nio-8080-exec-9] o.h.type.descriptor.sql.BasicExtractor   : extracted value ([employee3_0_0_] : [VARCHAR]) - [SE]
2023-01-18 14:36:40.960 TRACE 9604 --- [http-nio-8080-exec-9] o.h.type.descriptor.sql.BasicExtractor   : extracted value ([employee4_0_0_] : [VARCHAR]) - [Kamal]
2023-01-18 14:36:40.987 DEBUG 9604 --- [http-nio-8080-exec-9] org.hibernate.SQL                        : delete from employee_table where id=?
2023-01-18 14:36:40.988 TRACE 9604 --- [http-nio-8080-exec-9] o.h.type.descriptor.sql.BasicBinder      : binding parameter [1] as [BIGINT] - [5]
2023-01-18 14:36:41.007  INFO 9604 --- [http-nio-8080-exec-9] c.e.controller.LogController             : Employee details deleted
2023-01-18 14:36:41.020 DEBUG 9604 --- [http-nio-8080-exec-8] org.hibernate.SQL                        : select employee0_.id as id1_0_, employee0_.emloyee_salary as emloyee_2_0_, employee0_.employee_designation as employee3_0_, employee0_.employee_name as employee4_0_ from employee_table employee0_ order by employee0_.employee_name asc limit ?
2023-01-18 14:36:41.022 TRACE 9604 --- [http-nio-8080-exec-8] o.h.type.descriptor.sql.BasicExtractor   : extracted value ([id1_0_] : [BIGINT]) - [9]
2023-01-18 14:36:41.022 TRACE 9604 --- [http-nio-8080-exec-8] o.h.type.descriptor.sql.BasicExtractor   : extracted value ([emloyee_2_0_] : [INTEGER]) - [760000]
2023-01-18 14:36:41.022 TRACE 9604 --- [http-nio-8080-exec-8] o.h.type.descriptor.sql.BasicExtractor   : extracted value ([employee3_0_] : [VARCHAR]) - [RMS]
2023-01-18 14:36:41.022 TRACE 9604 --- [http-nio-8080-exec-8] o.h.type.descriptor.sql.BasicExtractor   : extracted value ([employee4_0_] : [VARCHAR]) - [Anushka]
2023-01-18 14:36:41.022 TRACE 9604 --- [http-nio-8080-exec-8] o.h.type.descriptor.sql.BasicExtractor   : extracted value ([id1_0_] : [BIGINT]) - [3]
2023-01-18 14:36:41.023 TRACE 9604 --- [http-nio-8080-exec-8] o.h.type.descriptor.sql.BasicExtractor   : extracted value ([emloyee_2_0_] : [INTEGER]) - [340000]
2023-01-18 14:36:41.023 TRACE 9604 --- [http-nio-8080-exec-8] o.h.type.descriptor.sql.BasicExtractor   : extracted value ([employee3_0_] : [VARCHAR]) - [EE]
2023-01-18 14:36:41.023 TRACE 9604 --- [http-nio-8080-exec-8] o.h.type.descriptor.sql.BasicExtractor   : extracted value ([employee4_0_] : [VARCHAR]) - [John]
2023-01-18 14:36:41.023 TRACE 9604 --- [http-nio-8080-exec-8] o.h.type.descriptor.sql.BasicExtractor   : extracted value ([id1_0_] : [BIGINT]) - [12]
2023-01-18 14:36:41.023 TRACE 9604 --- [http-nio-8080-exec-8] o.h.type.descriptor.sql.BasicExtractor   : extracted value ([emloyee_2_0_] : [INTEGER]) - [360000]
2023-01-18 14:36:41.023 TRACE 9604 --- [http-nio-8080-exec-8] o.h.type.descriptor.sql.BasicExtractor   : extracted value ([employee3_0_] : [VARCHAR]) - [SE]
2023-01-18 14:36:41.024 TRACE 9604 --- [http-nio-8080-exec-8] o.h.type.descriptor.sql.BasicExtractor   : extracted value ([employee4_0_] : [VARCHAR]) - [Krishna]
2023-01-18 14:36:41.024 TRACE 9604 --- [http-nio-8080-exec-8] o.h.type.descriptor.sql.BasicExtractor   : extracted value ([id1_0_] : [BIGINT]) - [6]
2023-01-18 14:36:41.024 TRACE 9604 --- [http-nio-8080-exec-8] o.h.type.descriptor.sql.BasicExtractor   : extracted value ([emloyee_2_0_] : [INTEGER]) - [5500000]
2023-01-18 14:36:41.024 TRACE 9604 --- [http-nio-8080-exec-8] o.h.type.descriptor.sql.BasicExtractor   : extracted value ([employee3_0_] : [VARCHAR]) - [FA]
2023-01-18 14:36:41.024 TRACE 9604 --- [http-nio-8080-exec-8] o.h.type.descriptor.sql.BasicExtractor   : extracted value ([employee4_0_] : [VARCHAR]) - [Megha Z]
2023-01-18 14:36:41.024 TRACE 9604 --- [http-nio-8080-exec-8] o.h.type.descriptor.sql.BasicExtractor   : extracted value ([id1_0_] : [BIGINT]) - [11]
2023-01-18 14:36:41.024 TRACE 9604 --- [http-nio-8080-exec-8] o.h.type.descriptor.sql.BasicExtractor   : extracted value ([emloyee_2_0_] : [INTEGER]) - [460000]
2023-01-18 14:36:41.025 TRACE 9604 --- [http-nio-8080-exec-8] o.h.type.descriptor.sql.BasicExtractor   : extracted value ([employee3_0_] : [VARCHAR]) - [AME]
2023-01-18 14:36:41.025 TRACE 9604 --- [http-nio-8080-exec-8] o.h.type.descriptor.sql.BasicExtractor   : extracted value ([employee4_0_] : [VARCHAR]) - [Naksh]
2023-01-18 14:36:41.026 DEBUG 9604 --- [http-nio-8080-exec-8] org.hibernate.SQL                        : select count(employee0_.id) as col_0_0_ from employee_table employee0_
2023-01-18 14:36:41.027 TRACE 9604 --- [http-nio-8080-exec-8] o.h.type.descriptor.sql.BasicExtractor   : extracted value ([col_0_0_] : [BIGINT]) - [12]
2023-01-18 14:36:44.248 DEBUG 9604 --- [http-nio-8080-exec-10] org.hibernate.SQL                        : select employee0_.id as id1_0_, employee0_.emloyee_salary as emloyee_2_0_, employee0_.employee_designation as employee3_0_, employee0_.employee_name as employee4_0_ from employee_table employee0_ order by employee0_.employee_name asc limit ?, ?
2023-01-18 14:36:44.250 TRACE 9604 --- [http-nio-8080-exec-10] o.h.type.descriptor.sql.BasicExtractor   : extracted value ([id1_0_] : [BIGINT]) - [4]
2023-01-18 14:36:44.250 TRACE 9604 --- [http-nio-8080-exec-10] o.h.type.descriptor.sql.BasicExtractor   : extracted value ([emloyee_2_0_] : [INTEGER]) - [7650000]
2023-01-18 14:36:44.250 TRACE 9604 --- [http-nio-8080-exec-10] o.h.type.descriptor.sql.BasicExtractor   : extracted value ([employee3_0_] : [VARCHAR]) - [ED]
2023-01-18 14:36:44.250 TRACE 9604 --- [http-nio-8080-exec-10] o.h.type.descriptor.sql.BasicExtractor   : extracted value ([employee4_0_] : [VARCHAR]) - [Tina]
2023-01-18 14:36:44.251 TRACE 9604 --- [http-nio-8080-exec-10] o.h.type.descriptor.sql.BasicExtractor   : extracted value ([id1_0_] : [BIGINT]) - [8]
2023-01-18 14:36:44.251 TRACE 9604 --- [http-nio-8080-exec-10] o.h.type.descriptor.sql.BasicExtractor   : extracted value ([emloyee_2_0_] : [INTEGER]) - [3500000]
2023-01-18 14:36:44.251 TRACE 9604 --- [http-nio-8080-exec-10] o.h.type.descriptor.sql.BasicExtractor   : extracted value ([employee3_0_] : [VARCHAR]) - [SF]
2023-01-18 14:36:44.251 TRACE 9604 --- [http-nio-8080-exec-10] o.h.type.descriptor.sql.BasicExtractor   : extracted value ([employee4_0_] : [VARCHAR]) - [Zeeni]
2023-01-18 14:36:46.522 DEBUG 9604 --- [http-nio-8080-exec-1] org.hibernate.SQL                        : select employee0_.id as id1_0_, employee0_.emloyee_salary as emloyee_2_0_, employee0_.employee_designation as employee3_0_, employee0_.employee_name as employee4_0_ from employee_table employee0_ order by employee0_.employee_name asc limit ?
2023-01-18 14:36:46.524 TRACE 9604 --- [http-nio-8080-exec-1] o.h.type.descriptor.sql.BasicExtractor   : extracted value ([id1_0_] : [BIGINT]) - [9]
2023-01-18 14:36:46.524 TRACE 9604 --- [http-nio-8080-exec-1] o.h.type.descriptor.sql.BasicExtractor   : extracted value ([emloyee_2_0_] : [INTEGER]) - [760000]
2023-01-18 14:36:46.525 TRACE 9604 --- [http-nio-8080-exec-1] o.h.type.descriptor.sql.BasicExtractor   : extracted value ([employee3_0_] : [VARCHAR]) - [RMS]
2023-01-18 14:36:46.525 TRACE 9604 --- [http-nio-8080-exec-1] o.h.type.descriptor.sql.BasicExtractor   : extracted value ([employee4_0_] : [VARCHAR]) - [Anushka]
2023-01-18 14:36:46.525 TRACE 9604 --- [http-nio-8080-exec-1] o.h.type.descriptor.sql.BasicExtractor   : extracted value ([id1_0_] : [BIGINT]) - [3]
2023-01-18 14:36:46.525 TRACE 9604 --- [http-nio-8080-exec-1] o.h.type.descriptor.sql.BasicExtractor   : extracted value ([emloyee_2_0_] : [INTEGER]) - [340000]
2023-01-18 14:36:46.525 TRACE 9604 --- [http-nio-8080-exec-1] o.h.type.descriptor.sql.BasicExtractor   : extracted value ([employee3_0_] : [VARCHAR]) - [EE]
2023-01-18 14:36:46.525 TRACE 9604 --- [http-nio-8080-exec-1] o.h.type.descriptor.sql.BasicExtractor   : extracted value ([employee4_0_] : [VARCHAR]) - [John]
2023-01-18 14:36:46.525 TRACE 9604 --- [http-nio-8080-exec-1] o.h.type.descriptor.sql.BasicExtractor   : extracted value ([id1_0_] : [BIGINT]) - [12]
2023-01-18 14:36:46.526 TRACE 9604 --- [http-nio-8080-exec-1] o.h.type.descriptor.sql.BasicExtractor   : extracted value ([emloyee_2_0_] : [INTEGER]) - [360000]
2023-01-18 14:36:46.526 TRACE 9604 --- [http-nio-8080-exec-1] o.h.type.descriptor.sql.BasicExtractor   : extracted value ([employee3_0_] : [VARCHAR]) - [SE]
2023-01-18 14:36:46.526 TRACE 9604 --- [http-nio-8080-exec-1] o.h.type.descriptor.sql.BasicExtractor   : extracted value ([employee4_0_] : [VARCHAR]) - [Krishna]
2023-01-18 14:36:46.526 TRACE 9604 --- [http-nio-8080-exec-1] o.h.type.descriptor.sql.BasicExtractor   : extracted value ([id1_0_] : [BIGINT]) - [6]
2023-01-18 14:36:46.526 TRACE 9604 --- [http-nio-8080-exec-1] o.h.type.descriptor.sql.BasicExtractor   : extracted value ([emloyee_2_0_] : [INTEGER]) - [5500000]
2023-01-18 14:36:46.526 TRACE 9604 --- [http-nio-8080-exec-1] o.h.type.descriptor.sql.BasicExtractor   : extracted value ([employee3_0_] : [VARCHAR]) - [FA]
2023-01-18 14:36:46.526 TRACE 9604 --- [http-nio-8080-exec-1] o.h.type.descriptor.sql.BasicExtractor   : extracted value ([employee4_0_] : [VARCHAR]) - [Megha Z]
2023-01-18 14:36:46.527 TRACE 9604 --- [http-nio-8080-exec-1] o.h.type.descriptor.sql.BasicExtractor   : extracted value ([id1_0_] : [BIGINT]) - [11]
2023-01-18 14:36:46.527 TRACE 9604 --- [http-nio-8080-exec-1] o.h.type.descriptor.sql.BasicExtractor   : extracted value ([emloyee_2_0_] : [INTEGER]) - [460000]
2023-01-18 14:36:46.527 TRACE 9604 --- [http-nio-8080-exec-1] o.h.type.descriptor.sql.BasicExtractor   : extracted value ([employee3_0_] : [VARCHAR]) - [AME]
2023-01-18 14:36:46.527 TRACE 9604 --- [http-nio-8080-exec-1] o.h.type.descriptor.sql.BasicExtractor   : extracted value ([employee4_0_] : [VARCHAR]) - [Naksh]
2023-01-18 14:36:46.528 DEBUG 9604 --- [http-nio-8080-exec-1] org.hibernate.SQL                        : select count(employee0_.id) as col_0_0_ from employee_table employee0_
2023-01-18 14:36:46.529 TRACE 9604 --- [http-nio-8080-exec-1] o.h.type.descriptor.sql.BasicExtractor   : extracted value ([col_0_0_] : [BIGINT]) - [12]
2023-01-18 14:37:32.993 DEBUG 9604 --- [http-nio-8080-exec-5] org.hibernate.SQL                        : select user0_.id as id1_2_, user0_.email as email2_2_, user0_.enabled as enabled3_2_, user0_.name as name4_2_, user0_.password as password5_2_ from user_table user0_ where user0_.email=?
2023-01-18 14:37:32.993 TRACE 9604 --- [http-nio-8080-exec-5] o.h.type.descriptor.sql.BasicBinder      : binding parameter [1] as [VARCHAR] - [palakdevi@gmail.com]
2023-01-18 14:37:32.994 TRACE 9604 --- [http-nio-8080-exec-5] o.h.type.descriptor.sql.BasicExtractor   : extracted value ([id1_2_] : [BIGINT]) - [2]
2023-01-18 14:37:32.995 TRACE 9604 --- [http-nio-8080-exec-5] o.h.type.descriptor.sql.BasicExtractor   : extracted value ([email2_2_] : [VARCHAR]) - [palakdevi@gmail.com]
2023-01-18 14:37:32.995 TRACE 9604 --- [http-nio-8080-exec-5] o.h.type.descriptor.sql.BasicExtractor   : extracted value ([enabled3_2_] : [BOOLEAN]) - [false]
2023-01-18 14:37:32.995 TRACE 9604 --- [http-nio-8080-exec-5] o.h.type.descriptor.sql.BasicExtractor   : extracted value ([name4_2_] : [VARCHAR]) - [Palak]
2023-01-18 14:37:32.995 TRACE 9604 --- [http-nio-8080-exec-5] o.h.type.descriptor.sql.BasicExtractor   : extracted value ([password5_2_] : [VARCHAR]) - [$2a$10$GdmWt6qZA5VkPiKMSvzS9OJbHLtg8ot5Z.1pWgilSyT.xmO10xc2C]
2023-01-18 14:37:32.995 TRACE 9604 --- [http-nio-8080-exec-5] org.hibernate.type.CollectionType        : Created collection wrapper: [com.employeeApplication.Entity.User.roles#2]
2023-01-18 14:37:32.996 DEBUG 9604 --- [http-nio-8080-exec-5] org.hibernate.SQL                        : select roles0_.user_id as user_id1_3_0_, roles0_.role_id as role_id2_3_0_, role1_.id as id1_1_1_, role1_.name as name2_1_1_ from user_role_table roles0_ inner join role_table role1_ on roles0_.role_id=role1_.id where roles0_.user_id=?
2023-01-18 14:37:32.996 TRACE 9604 --- [http-nio-8080-exec-5] o.h.type.descriptor.sql.BasicBinder      : binding parameter [1] as [BIGINT] - [2]
2023-01-18 14:37:32.998 TRACE 9604 --- [http-nio-8080-exec-5] o.h.type.descriptor.sql.BasicExtractor   : extracted value ([id1_1_1_] : [BIGINT]) - [2]
2023-01-18 14:37:32.998 TRACE 9604 --- [http-nio-8080-exec-5] o.h.type.descriptor.sql.BasicExtractor   : extracted value ([name2_1_1_] : [VARCHAR]) - [USER]
2023-01-18 14:37:32.998 TRACE 9604 --- [http-nio-8080-exec-5] o.h.type.descriptor.sql.BasicExtractor   : extracted value ([user_id1_3_0_] : [BIGINT]) - [2]
2023-01-18 14:37:32.998 TRACE 9604 --- [http-nio-8080-exec-5] o.h.type.descriptor.sql.BasicExtractor   : extracted value ([role_id2_3_0_] : [BIGINT]) - [2]
2023-01-18 14:37:33.207 DEBUG 9604 --- [http-nio-8080-exec-7] org.hibernate.SQL                        : select employee0_.id as id1_0_, employee0_.emloyee_salary as emloyee_2_0_, employee0_.employee_designation as employee3_0_, employee0_.employee_name as employee4_0_ from employee_table employee0_ order by employee0_.employee_name asc limit ?
2023-01-18 14:37:33.209 TRACE 9604 --- [http-nio-8080-exec-7] o.h.type.descriptor.sql.BasicExtractor   : extracted value ([id1_0_] : [BIGINT]) - [9]
2023-01-18 14:37:33.209 TRACE 9604 --- [http-nio-8080-exec-7] o.h.type.descriptor.sql.BasicExtractor   : extracted value ([emloyee_2_0_] : [INTEGER]) - [760000]
2023-01-18 14:37:33.209 TRACE 9604 --- [http-nio-8080-exec-7] o.h.type.descriptor.sql.BasicExtractor   : extracted value ([employee3_0_] : [VARCHAR]) - [RMS]
2023-01-18 14:37:33.209 TRACE 9604 --- [http-nio-8080-exec-7] o.h.type.descriptor.sql.BasicExtractor   : extracted value ([employee4_0_] : [VARCHAR]) - [Anushka]
2023-01-18 14:37:33.210 TRACE 9604 --- [http-nio-8080-exec-7] o.h.type.descriptor.sql.BasicExtractor   : extracted value ([id1_0_] : [BIGINT]) - [3]
2023-01-18 14:37:33.210 TRACE 9604 --- [http-nio-8080-exec-7] o.h.type.descriptor.sql.BasicExtractor   : extracted value ([emloyee_2_0_] : [INTEGER]) - [340000]
2023-01-18 14:37:33.210 TRACE 9604 --- [http-nio-8080-exec-7] o.h.type.descriptor.sql.BasicExtractor   : extracted value ([employee3_0_] : [VARCHAR]) - [EE]
2023-01-18 14:37:33.210 TRACE 9604 --- [http-nio-8080-exec-7] o.h.type.descriptor.sql.BasicExtractor   : extracted value ([employee4_0_] : [VARCHAR]) - [John]
2023-01-18 14:37:33.210 TRACE 9604 --- [http-nio-8080-exec-7] o.h.type.descriptor.sql.BasicExtractor   : extracted value ([id1_0_] : [BIGINT]) - [12]
2023-01-18 14:37:33.210 TRACE 9604 --- [http-nio-8080-exec-7] o.h.type.descriptor.sql.BasicExtractor   : extracted value ([emloyee_2_0_] : [INTEGER]) - [360000]
2023-01-18 14:37:33.210 TRACE 9604 --- [http-nio-8080-exec-7] o.h.type.descriptor.sql.BasicExtractor   : extracted value ([employee3_0_] : [VARCHAR]) - [SE]
2023-01-18 14:37:33.210 TRACE 9604 --- [http-nio-8080-exec-7] o.h.type.descriptor.sql.BasicExtractor   : extracted value ([employee4_0_] : [VARCHAR]) - [Krishna]
2023-01-18 14:37:33.211 TRACE 9604 --- [http-nio-8080-exec-7] o.h.type.descriptor.sql.BasicExtractor   : extracted value ([id1_0_] : [BIGINT]) - [6]
2023-01-18 14:37:33.211 TRACE 9604 --- [http-nio-8080-exec-7] o.h.type.descriptor.sql.BasicExtractor   : extracted value ([emloyee_2_0_] : [INTEGER]) - [5500000]
2023-01-18 14:37:33.211 TRACE 9604 --- [http-nio-8080-exec-7] o.h.type.descriptor.sql.BasicExtractor   : extracted value ([employee3_0_] : [VARCHAR]) - [FA]
2023-01-18 14:37:33.211 TRACE 9604 --- [http-nio-8080-exec-7] o.h.type.descriptor.sql.BasicExtractor   : extracted value ([employee4_0_] : [VARCHAR]) - [Megha Z]
2023-01-18 14:37:33.211 TRACE 9604 --- [http-nio-8080-exec-7] o.h.type.descriptor.sql.BasicExtractor   : extracted value ([id1_0_] : [BIGINT]) - [11]
2023-01-18 14:37:33.211 TRACE 9604 --- [http-nio-8080-exec-7] o.h.type.descriptor.sql.BasicExtractor   : extracted value ([emloyee_2_0_] : [INTEGER]) - [460000]
2023-01-18 14:37:33.211 TRACE 9604 --- [http-nio-8080-exec-7] o.h.type.descriptor.sql.BasicExtractor   : extracted value ([employee3_0_] : [VARCHAR]) - [AME]
2023-01-18 14:37:33.211 TRACE 9604 --- [http-nio-8080-exec-7] o.h.type.descriptor.sql.BasicExtractor   : extracted value ([employee4_0_] : [VARCHAR]) - [Naksh]
2023-01-18 14:37:33.213 DEBUG 9604 --- [http-nio-8080-exec-7] org.hibernate.SQL                        : select count(employee0_.id) as col_0_0_ from employee_table employee0_
2023-01-18 14:37:33.214 TRACE 9604 --- [http-nio-8080-exec-7] o.h.type.descriptor.sql.BasicExtractor   : extracted value ([col_0_0_] : [BIGINT]) - [12]
2023-01-18 14:38:12.850 DEBUG 9604 --- [http-nio-8080-exec-8] org.hibernate.SQL                        : select user0_.id as id1_2_, user0_.email as email2_2_, user0_.enabled as enabled3_2_, user0_.name as name4_2_, user0_.password as password5_2_ from user_table user0_ where user0_.email=?
2023-01-18 14:38:12.851 TRACE 9604 --- [http-nio-8080-exec-8] o.h.type.descriptor.sql.BasicBinder      : binding parameter [1] as [VARCHAR] - [tina@gmail.com]
2023-01-18 14:38:12.852 TRACE 9604 --- [http-nio-8080-exec-8] o.h.type.descriptor.sql.BasicExtractor   : extracted value ([id1_2_] : [BIGINT]) - [4]
2023-01-18 14:38:12.853 TRACE 9604 --- [http-nio-8080-exec-8] o.h.type.descriptor.sql.BasicExtractor   : extracted value ([email2_2_] : [VARCHAR]) - [tina@gmail.com]
2023-01-18 14:38:12.853 TRACE 9604 --- [http-nio-8080-exec-8] o.h.type.descriptor.sql.BasicExtractor   : extracted value ([enabled3_2_] : [BOOLEAN]) - [false]
2023-01-18 14:38:12.853 TRACE 9604 --- [http-nio-8080-exec-8] o.h.type.descriptor.sql.BasicExtractor   : extracted value ([name4_2_] : [VARCHAR]) - [Tina]
2023-01-18 14:38:12.853 TRACE 9604 --- [http-nio-8080-exec-8] o.h.type.descriptor.sql.BasicExtractor   : extracted value ([password5_2_] : [VARCHAR]) - [$2a$10$P/7iHIfOkoN4UvmiYFzBr.9DkV8pHvAvVl4xdfGckknBXYJjojl.u]
2023-01-18 14:38:12.853 TRACE 9604 --- [http-nio-8080-exec-8] org.hibernate.type.CollectionType        : Created collection wrapper: [com.employeeApplication.Entity.User.roles#4]
2023-01-18 14:38:12.854 DEBUG 9604 --- [http-nio-8080-exec-8] org.hibernate.SQL                        : select roles0_.user_id as user_id1_3_0_, roles0_.role_id as role_id2_3_0_, role1_.id as id1_1_1_, role1_.name as name2_1_1_ from user_role_table roles0_ inner join role_table role1_ on roles0_.role_id=role1_.id where roles0_.user_id=?
2023-01-18 14:38:12.854 TRACE 9604 --- [http-nio-8080-exec-8] o.h.type.descriptor.sql.BasicBinder      : binding parameter [1] as [BIGINT] - [4]
2023-01-18 14:38:12.855 TRACE 9604 --- [http-nio-8080-exec-8] o.h.type.descriptor.sql.BasicExtractor   : extracted value ([id1_1_1_] : [BIGINT]) - [4]
2023-01-18 14:38:12.856 TRACE 9604 --- [http-nio-8080-exec-8] o.h.type.descriptor.sql.BasicExtractor   : extracted value ([name2_1_1_] : [VARCHAR]) - [EDITOR]
2023-01-18 14:38:12.856 TRACE 9604 --- [http-nio-8080-exec-8] o.h.type.descriptor.sql.BasicExtractor   : extracted value ([user_id1_3_0_] : [BIGINT]) - [4]
2023-01-18 14:38:12.856 TRACE 9604 --- [http-nio-8080-exec-8] o.h.type.descriptor.sql.BasicExtractor   : extracted value ([role_id2_3_0_] : [BIGINT]) - [4]
2023-01-18 14:38:13.066 DEBUG 9604 --- [http-nio-8080-exec-10] org.hibernate.SQL                        : select employee0_.id as id1_0_, employee0_.emloyee_salary as emloyee_2_0_, employee0_.employee_designation as employee3_0_, employee0_.employee_name as employee4_0_ from employee_table employee0_ order by employee0_.employee_name asc limit ?
2023-01-18 14:38:13.068 TRACE 9604 --- [http-nio-8080-exec-10] o.h.type.descriptor.sql.BasicExtractor   : extracted value ([id1_0_] : [BIGINT]) - [9]
2023-01-18 14:38:13.068 TRACE 9604 --- [http-nio-8080-exec-10] o.h.type.descriptor.sql.BasicExtractor   : extracted value ([emloyee_2_0_] : [INTEGER]) - [760000]
2023-01-18 14:38:13.069 TRACE 9604 --- [http-nio-8080-exec-10] o.h.type.descriptor.sql.BasicExtractor   : extracted value ([employee3_0_] : [VARCHAR]) - [RMS]
2023-01-18 14:38:13.069 TRACE 9604 --- [http-nio-8080-exec-10] o.h.type.descriptor.sql.BasicExtractor   : extracted value ([employee4_0_] : [VARCHAR]) - [Anushka]
2023-01-18 14:38:13.069 TRACE 9604 --- [http-nio-8080-exec-10] o.h.type.descriptor.sql.BasicExtractor   : extracted value ([id1_0_] : [BIGINT]) - [3]
2023-01-18 14:38:13.069 TRACE 9604 --- [http-nio-8080-exec-10] o.h.type.descriptor.sql.BasicExtractor   : extracted value ([emloyee_2_0_] : [INTEGER]) - [340000]
2023-01-18 14:38:13.069 TRACE 9604 --- [http-nio-8080-exec-10] o.h.type.descriptor.sql.BasicExtractor   : extracted value ([employee3_0_] : [VARCHAR]) - [EE]
2023-01-18 14:38:13.069 TRACE 9604 --- [http-nio-8080-exec-10] o.h.type.descriptor.sql.BasicExtractor   : extracted value ([employee4_0_] : [VARCHAR]) - [John]
2023-01-18 14:38:13.069 TRACE 9604 --- [http-nio-8080-exec-10] o.h.type.descriptor.sql.BasicExtractor   : extracted value ([id1_0_] : [BIGINT]) - [12]
2023-01-18 14:38:13.069 TRACE 9604 --- [http-nio-8080-exec-10] o.h.type.descriptor.sql.BasicExtractor   : extracted value ([emloyee_2_0_] : [INTEGER]) - [360000]
2023-01-18 14:38:13.070 TRACE 9604 --- [http-nio-8080-exec-10] o.h.type.descriptor.sql.BasicExtractor   : extracted value ([employee3_0_] : [VARCHAR]) - [SE]
2023-01-18 14:38:13.070 TRACE 9604 --- [http-nio-8080-exec-10] o.h.type.descriptor.sql.BasicExtractor   : extracted value ([employee4_0_] : [VARCHAR]) - [Krishna]
2023-01-18 14:38:13.070 TRACE 9604 --- [http-nio-8080-exec-10] o.h.type.descriptor.sql.BasicExtractor   : extracted value ([id1_0_] : [BIGINT]) - [6]
2023-01-18 14:38:13.070 TRACE 9604 --- [http-nio-8080-exec-10] o.h.type.descriptor.sql.BasicExtractor   : extracted value ([emloyee_2_0_] : [INTEGER]) - [5500000]
2023-01-18 14:38:13.071 TRACE 9604 --- [http-nio-8080-exec-10] o.h.type.descriptor.sql.BasicExtractor   : extracted value ([employee3_0_] : [VARCHAR]) - [FA]
2023-01-18 14:38:13.071 TRACE 9604 --- [http-nio-8080-exec-10] o.h.type.descriptor.sql.BasicExtractor   : extracted value ([employee4_0_] : [VARCHAR]) - [Megha Z]
2023-01-18 14:38:13.071 TRACE 9604 --- [http-nio-8080-exec-10] o.h.type.descriptor.sql.BasicExtractor   : extracted value ([id1_0_] : [BIGINT]) - [11]
2023-01-18 14:38:13.071 TRACE 9604 --- [http-nio-8080-exec-10] o.h.type.descriptor.sql.BasicExtractor   : extracted value ([emloyee_2_0_] : [INTEGER]) - [460000]
2023-01-18 14:38:13.071 TRACE 9604 --- [http-nio-8080-exec-10] o.h.type.descriptor.sql.BasicExtractor   : extracted value ([employee3_0_] : [VARCHAR]) - [AME]
2023-01-18 14:38:13.071 TRACE 9604 --- [http-nio-8080-exec-10] o.h.type.descriptor.sql.BasicExtractor   : extracted value ([employee4_0_] : [VARCHAR]) - [Naksh]
2023-01-18 14:38:13.078 DEBUG 9604 --- [http-nio-8080-exec-10] org.hibernate.SQL                        : select count(employee0_.id) as col_0_0_ from employee_table employee0_
2023-01-18 14:38:13.080 TRACE 9604 --- [http-nio-8080-exec-10] o.h.type.descriptor.sql.BasicExtractor   : extracted value ([col_0_0_] : [BIGINT]) - [12]
2023-01-18 14:38:18.388 DEBUG 9604 --- [http-nio-8080-exec-1] org.hibernate.SQL                        : select employee0_.id as id1_0_, employee0_.emloyee_salary as emloyee_2_0_, employee0_.employee_designation as employee3_0_, employee0_.employee_name as employee4_0_ from employee_table employee0_ order by employee0_.employee_name asc limit ?, ?
2023-01-18 14:38:18.389 TRACE 9604 --- [http-nio-8080-exec-1] o.h.type.descriptor.sql.BasicExtractor   : extracted value ([id1_0_] : [BIGINT]) - [4]
2023-01-18 14:38:18.390 TRACE 9604 --- [http-nio-8080-exec-1] o.h.type.descriptor.sql.BasicExtractor   : extracted value ([emloyee_2_0_] : [INTEGER]) - [7650000]
2023-01-18 14:38:18.390 TRACE 9604 --- [http-nio-8080-exec-1] o.h.type.descriptor.sql.BasicExtractor   : extracted value ([employee3_0_] : [VARCHAR]) - [ED]
2023-01-18 14:38:18.390 TRACE 9604 --- [http-nio-8080-exec-1] o.h.type.descriptor.sql.BasicExtractor   : extracted value ([employee4_0_] : [VARCHAR]) - [Tina]
2023-01-18 14:38:18.390 TRACE 9604 --- [http-nio-8080-exec-1] o.h.type.descriptor.sql.BasicExtractor   : extracted value ([id1_0_] : [BIGINT]) - [8]
2023-01-18 14:38:18.390 TRACE 9604 --- [http-nio-8080-exec-1] o.h.type.descriptor.sql.BasicExtractor   : extracted value ([emloyee_2_0_] : [INTEGER]) - [3500000]
2023-01-18 14:38:18.390 TRACE 9604 --- [http-nio-8080-exec-1] o.h.type.descriptor.sql.BasicExtractor   : extracted value ([employee3_0_] : [VARCHAR]) - [SF]
2023-01-18 14:38:18.390 TRACE 9604 --- [http-nio-8080-exec-1] o.h.type.descriptor.sql.BasicExtractor   : extracted value ([employee4_0_] : [VARCHAR]) - [Zeeni]
2023-01-18 14:45:08.369  WARN 9604 --- [HikariPool-1 housekeeper] com.zaxxer.hikari.pool.HikariPool        : HikariPool-1 - Thread starvation or clock leap detected (housekeeper delta=1m42s701ms476s700ns).
2023-01-18 14:54:20.462  WARN 9604 --- [HikariPool-1 housekeeper] com.zaxxer.hikari.pool.HikariPool        : HikariPool-1 - Thread starvation or clock leap detected (housekeeper delta=2m11s993ms377s201ns).
2023-01-18 15:32:12.763  WARN 9604 --- [HikariPool-1 housekeeper] com.zaxxer.hikari.pool.HikariPool        : HikariPool-1 - Thread starvation or clock leap detected (housekeeper delta=34m22s239ms268s101ns).
2023-01-18 15:38:07.930  INFO 9604 --- [SpringContextShutdownHook] o.s.s.concurrent.ThreadPoolTaskExecutor  : Shutting down ExecutorService 'applicationTaskExecutor'
2023-01-18 15:38:07.932  INFO 9604 --- [SpringContextShutdownHook] j.LocalContainerEntityManagerFactoryBean : Closing JPA EntityManagerFactory for persistence unit 'default'
2023-01-18 15:38:07.932 TRACE 9604 --- [SpringContextShutdownHook] o.h.type.spi.TypeConfiguration$Scope     : Handling #sessionFactoryClosed from [org.hibernate.internal.SessionFactoryImpl@4c3bed9c] for TypeConfiguration
2023-01-18 15:38:07.933 DEBUG 9604 --- [SpringContextShutdownHook] o.h.type.spi.TypeConfiguration$Scope     : Un-scoping TypeConfiguration [org.hibernate.type.spi.TypeConfiguration$Scope@297fea2] from SessionFactory [org.hibernate.internal.SessionFactoryImpl@4c3bed9c]
2023-01-18 15:38:07.936  INFO 9604 --- [SpringContextShutdownHook] com.zaxxer.hikari.HikariDataSource       : HikariPool-1 - Shutdown initiated...
2023-01-18 15:38:07.939  INFO 9604 --- [SpringContextShutdownHook] com.zaxxer.hikari.HikariDataSource       : HikariPool-1 - Shutdown completed.
